
MacOS or linux terminal command to create your ssh tunnel:
ssh -N -L 9541:c99-09:9541 nsk367@ 
For more info and how to connect from windows, 
   see research.computing.yale.edu/jupyter-nb
Here is the MobaXterm info:
Forwarded port:same as remote port
Remote server: c99-09
Remote port: 9541
SSH server: 
SSH login: nsk367
SSH port: 22
Use a Browser on your local machine to go to:
http://localhost:9541  (prefix w/ https:// if using password)
Use the token string from the URL printed below and add it to the URL above

[I 17:21:52.183 NotebookApp] Serving notebooks from local directory: /scratch/nsk367/deepRL/limitation-learning/notebooks
[I 17:21:52.184 NotebookApp] Jupyter Notebook 6.1.4 is running at:
[I 17:21:52.184 NotebookApp] http://c99-09:9541/?token=102f5e5cd4e543e98d1a325d3fd173dafbf263fc488643e3
[I 17:21:52.184 NotebookApp]  or http://127.0.0.1:9541/?token=102f5e5cd4e543e98d1a325d3fd173dafbf263fc488643e3
[I 17:21:52.184 NotebookApp] Use Control-C to stop this server and shut down all kernels (twice to skip confirmation).
[C 17:21:52.207 NotebookApp] 
    
    To access the notebook, open this file in a browser:
        file:///home/nsk367/.local/share/jupyter/runtime/nbserver-311984-open.html
    Or copy and paste one of these URLs:
        http://c99-09:9541/?token=102f5e5cd4e543e98d1a325d3fd173dafbf263fc488643e3
     or http://127.0.0.1:9541/?token=102f5e5cd4e543e98d1a325d3fd173dafbf263fc488643e3
[I 17:28:11.650 NotebookApp] 302 GET /?token=102f5e5cd4e543e98d1a325d3fd173dafbf263fc488643e3 (172.16.0.13) 2.41ms
[W 17:28:32.708 NotebookApp] Notebook vis_bc.ipynb is not trusted
[I 17:28:33.578 NotebookApp] Kernel started: 3957cd20-4c61-45b6-9c18-0621b505fe7f, name: python3
[I 17:29:15.172 NotebookApp] Kernel interrupted: 3957cd20-4c61-45b6-9c18-0621b505fe7f
[I 17:29:19.831 NotebookApp] Starting buffering for 3957cd20-4c61-45b6-9c18-0621b505fe7f:065cfcba155842428c0807031b68c434
[I 17:29:21.116 NotebookApp] Kernel restarted: 3957cd20-4c61-45b6-9c18-0621b505fe7f
[I 17:29:21.181 NotebookApp] Restoring connection for 3957cd20-4c61-45b6-9c18-0621b505fe7f:065cfcba155842428c0807031b68c434
[I 17:29:21.182 NotebookApp] Replaying 3 buffered messages
[I 17:30:38.011 NotebookApp] Saving file at /vis_bc.ipynb
