
MacOS or linux terminal command to create your ssh tunnel:
ssh -N -L 8284:gpu-01:8284 nsk367@ 
For more info and how to connect from windows, 
   see research.computing.yale.edu/jupyter-nb
Here is the MobaXterm info:
Forwarded port:same as remote port
Remote server: gpu-01
Remote port: 8284
SSH server: 
SSH login: nsk367
SSH port: 22
Use a Browser on your local machine to go to:
http://localhost:8284  (prefix w/ https:// if using password)
Use the token string from the URL printed below and add it to the URL above

[I 20:51:11.316 NotebookApp] Serving notebooks from local directory: /scratch/nsk367/deepRL/limitation-learning/notebooks
[I 20:51:11.316 NotebookApp] Jupyter Notebook 6.1.4 is running at:
[I 20:51:11.316 NotebookApp] http://gpu-01:8284/?token=e10531dcc1e8bdf8b3419acda571eb48caa3bebff7b44283
[I 20:51:11.316 NotebookApp]  or http://127.0.0.1:8284/?token=e10531dcc1e8bdf8b3419acda571eb48caa3bebff7b44283
[I 20:51:11.316 NotebookApp] Use Control-C to stop this server and shut down all kernels (twice to skip confirmation).
[C 20:51:11.347 NotebookApp] 
    
    To access the notebook, open this file in a browser:
        file:///home/nsk367/.local/share/jupyter/runtime/nbserver-108175-open.html
    Or copy and paste one of these URLs:
        http://gpu-01:8284/?token=e10531dcc1e8bdf8b3419acda571eb48caa3bebff7b44283
     or http://127.0.0.1:8284/?token=e10531dcc1e8bdf8b3419acda571eb48caa3bebff7b44283
[I 21:32:58.514 NotebookApp] 302 GET /?token=e10531dcc1e8bdf8b3419acda571eb48caa3bebff7b44283 (172.16.0.12) 1.04ms
[W 21:33:56.625 NotebookApp] Notebook Final Gym Env.ipynb is not trusted
[I 21:33:58.288 NotebookApp] Kernel started: f16466ee-2685-4480-b363-9a5fea33a91c, name: python3
[I 21:35:58.325 NotebookApp] Saving file at /Final Gym Env.ipynb
[I 21:37:59.797 NotebookApp] Saving file at /Final Gym Env.ipynb
[I 21:39:58.133 NotebookApp] Saving file at /Final Gym Env.ipynb
[I 21:41:58.707 NotebookApp] Saving file at /Final Gym Env.ipynb
[I 21:43:58.122 NotebookApp] Saving file at /Final Gym Env.ipynb
[I 21:44:25.372 NotebookApp] Saving file at /Final Gym Env.ipynb
[I 21:45:58.126 NotebookApp] Saving file at /Final Gym Env.ipynb
[I 21:47:59.139 NotebookApp] Saving file at /Final Gym Env.ipynb
[I 21:51:58.140 NotebookApp] Saving file at /Final Gym Env.ipynb
[I 21:52:44.285 NotebookApp] Saving file at /Final Gym Env.ipynb
[I 21:53:58.190 NotebookApp] Saving file at /Final Gym Env.ipynb
[I 21:55:58.173 NotebookApp] Saving file at /Final Gym Env.ipynb
[I 21:57:58.165 NotebookApp] Saving file at /Final Gym Env.ipynb
[I 21:59:58.199 NotebookApp] Saving file at /Final Gym Env.ipynb
[I 22:01:58.179 NotebookApp] Saving file at /Final Gym Env.ipynb
[I 22:03:58.390 NotebookApp] Saving file at /Final Gym Env.ipynb
[I 22:49:46.479 NotebookApp] Starting buffering for f16466ee-2685-4480-b363-9a5fea33a91c:a61cc813446b4d4786b081a625f50d79
slurmstepd: error: *** JOB 14072848 ON gpu-01 CANCELLED AT 2020-12-06T23:00:03 ***
