
MacOS or linux terminal command to create your ssh tunnel:
ssh -N -L 9147:c42-01:9147 nsk367@ 
For more info and how to connect from windows, 
   see research.computing.yale.edu/jupyter-nb
Here is the MobaXterm info:
Forwarded port:same as remote port
Remote server: c42-01
Remote port: 9147
SSH server: 
SSH login: nsk367
SSH port: 22
Use a Browser on your local machine to go to:
http://localhost:9147  (prefix w/ https:// if using password)
Use the token string from the URL printed below and add it to the URL above

/opt/slurm/data/slurmd/job13622135/slurm_script: line 54: activate: No such file or directory
[I 15:31:32.357 NotebookApp] Serving notebooks from local directory: /scratch/nsk367/deepRL/limitation-learning/notebooks
[I 15:31:32.358 NotebookApp] Jupyter Notebook 6.1.4 is running at:
[I 15:31:32.358 NotebookApp] http://c42-01:9147/?token=c825bf9434e369f85f11e3a669e7562cffa9c29cbbc81042
[I 15:31:32.358 NotebookApp]  or http://127.0.0.1:9147/?token=c825bf9434e369f85f11e3a669e7562cffa9c29cbbc81042
[I 15:31:32.358 NotebookApp] Use Control-C to stop this server and shut down all kernels (twice to skip confirmation).
[C 15:31:32.429 NotebookApp] 
    
    To access the notebook, open this file in a browser:
        file:///home/nsk367/.local/share/jupyter/runtime/nbserver-180986-open.html
    Or copy and paste one of these URLs:
        http://c42-01:9147/?token=c825bf9434e369f85f11e3a669e7562cffa9c29cbbc81042
     or http://127.0.0.1:9147/?token=c825bf9434e369f85f11e3a669e7562cffa9c29cbbc81042
[I 15:31:44.796 NotebookApp] 302 GET /?token=c825bf9434e369f85f11e3a669e7562cffa9c29cbbc81042 (172.16.0.12) 0.42ms
[W 15:32:24.046 NotebookApp] Notebook Movie Environment.ipynb is not trusted
[I 15:32:24.787 NotebookApp] Kernel started: 3eb233b6-76a5-40ae-b3e8-42b1a1fd3a17, name: python3
[I 15:33:43.526 NotebookApp] Kernel interrupted: 3eb233b6-76a5-40ae-b3e8-42b1a1fd3a17
[W 15:33:49.025 NotebookApp] Notebook Movie Environment.ipynb is not trusted
[I 15:35:19.170 NotebookApp] Starting buffering for 3eb233b6-76a5-40ae-b3e8-42b1a1fd3a17:db3cc8eaff254e118b282ae3b81e0845
[I 15:35:21.802 NotebookApp] Kernel restarted: 3eb233b6-76a5-40ae-b3e8-42b1a1fd3a17
[I 15:35:21.847 NotebookApp] Restoring connection for 3eb233b6-76a5-40ae-b3e8-42b1a1fd3a17:db3cc8eaff254e118b282ae3b81e0845
[I 15:35:21.847 NotebookApp] Replaying 3 buffered messages
[I 15:35:50.788 NotebookApp] Saving file at /Movie Environment.ipynb
[I 15:37:50.664 NotebookApp] Saving file at /Movie Environment.ipynb
[I 15:41:50.610 NotebookApp] Saving file at /Movie Environment.ipynb
[I 15:43:49.599 NotebookApp] Saving file at /Movie Environment.ipynb
[I 15:45:49.676 NotebookApp] Saving file at /Movie Environment.ipynb
[I 15:47:50.827 NotebookApp] Saving file at /Movie Environment.ipynb
[I 15:49:49.609 NotebookApp] Saving file at /Movie Environment.ipynb
[I 15:51:49.618 NotebookApp] Saving file at /Movie Environment.ipynb
[I 15:53:49.633 NotebookApp] Saving file at /Movie Environment.ipynb
[I 15:55:18.931 NotebookApp] Saving file at /Movie Environment.ipynb
[I 16:01:51.366 NotebookApp] Saving file at /Movie Environment.ipynb
[I 16:03:49.661 NotebookApp] Saving file at /Movie Environment.ipynb
[I 16:07:51.298 NotebookApp] Saving file at /Movie Environment.ipynb
[I 16:15:49.798 NotebookApp] Saving file at /Movie Environment.ipynb
[I 16:17:49.730 NotebookApp] Saving file at /Movie Environment.ipynb
[I 16:19:49.754 NotebookApp] Saving file at /Movie Environment.ipynb
[I 16:20:11.408 NotebookApp] Saving file at /Movie Environment.ipynb
