
MacOS or linux terminal command to create your ssh tunnel:
ssh -N -L 8469:gpu-70:8469 nsk367@ 
For more info and how to connect from windows, 
   see research.computing.yale.edu/jupyter-nb
Here is the MobaXterm info:
Forwarded port:same as remote port
Remote server: gpu-70
Remote port: 8469
SSH server: 
SSH login: nsk367
SSH port: 22
Use a Browser on your local machine to go to:
http://localhost:8469  (prefix w/ https:// if using password)
Use the token string from the URL printed below and add it to the URL above

[I 13:13:59.425 NotebookApp] Serving notebooks from local directory: /scratch/nsk367/deepRL/limitation-learning/notebooks
[I 13:13:59.426 NotebookApp] Jupyter Notebook 6.1.4 is running at:
[I 13:13:59.426 NotebookApp] http://gpu-70:8469/?token=def2c31e5029ae01afd48272823ef0671469331fdd4f09ad
[I 13:13:59.426 NotebookApp]  or http://127.0.0.1:8469/?token=def2c31e5029ae01afd48272823ef0671469331fdd4f09ad
[I 13:13:59.426 NotebookApp] Use Control-C to stop this server and shut down all kernels (twice to skip confirmation).
[C 13:13:59.439 NotebookApp] 
    
    To access the notebook, open this file in a browser:
        file:///home/nsk367/.local/share/jupyter/runtime/nbserver-85440-open.html
    Or copy and paste one of these URLs:
        http://gpu-70:8469/?token=def2c31e5029ae01afd48272823ef0671469331fdd4f09ad
     or http://127.0.0.1:8469/?token=def2c31e5029ae01afd48272823ef0671469331fdd4f09ad
[I 13:14:13.116 NotebookApp] 302 GET /?token=def2c31e5029ae01afd48272823ef0671469331fdd4f09ad (172.16.0.13) 0.41ms
[W 13:15:05.364 NotebookApp] Notebook Main Try.ipynb is not trusted
[I 13:15:06.036 NotebookApp] Kernel started: abd03034-5897-4920-8ffe-62ba56be066c, name: python3
[I 13:17:07.622 NotebookApp] Saving file at /Main Try.ipynb
[I 13:17:46.440 NotebookApp] Starting buffering for abd03034-5897-4920-8ffe-62ba56be066c:acbdecacebb54bb18fbb079d5bb52826
[I 13:17:47.190 NotebookApp] Kernel restarted: abd03034-5897-4920-8ffe-62ba56be066c
[I 13:17:47.371 NotebookApp] Restoring connection for abd03034-5897-4920-8ffe-62ba56be066c:acbdecacebb54bb18fbb079d5bb52826
[I 13:17:47.371 NotebookApp] Replaying 3 buffered messages
[I 13:19:06.667 NotebookApp] Saving file at /Main Try.ipynb
[I 13:20:07.308 NotebookApp] Starting buffering for abd03034-5897-4920-8ffe-62ba56be066c:acbdecacebb54bb18fbb079d5bb52826
[I 13:20:08.542 NotebookApp] Kernel restarted: abd03034-5897-4920-8ffe-62ba56be066c
[I 13:20:08.649 NotebookApp] Restoring connection for abd03034-5897-4920-8ffe-62ba56be066c:acbdecacebb54bb18fbb079d5bb52826
[I 13:20:08.649 NotebookApp] Replaying 3 buffered messages
[I 13:21:07.683 NotebookApp] Saving file at /Main Try.ipynb
[I 13:21:16.058 NotebookApp] Starting buffering for abd03034-5897-4920-8ffe-62ba56be066c:acbdecacebb54bb18fbb079d5bb52826
[I 13:21:17.305 NotebookApp] Kernel restarted: abd03034-5897-4920-8ffe-62ba56be066c
[I 13:21:17.532 NotebookApp] Restoring connection for abd03034-5897-4920-8ffe-62ba56be066c:acbdecacebb54bb18fbb079d5bb52826
[I 13:21:17.532 NotebookApp] Replaying 3 buffered messages
[I 13:23:05.905 NotebookApp] Saving file at /Main Try.ipynb
[I 13:25:20.520 NotebookApp] Starting buffering for abd03034-5897-4920-8ffe-62ba56be066c:acbdecacebb54bb18fbb079d5bb52826
[I 13:25:21.783 NotebookApp] Kernel restarted: abd03034-5897-4920-8ffe-62ba56be066c
[I 13:25:21.822 NotebookApp] Restoring connection for abd03034-5897-4920-8ffe-62ba56be066c:acbdecacebb54bb18fbb079d5bb52826
[I 13:25:21.822 NotebookApp] Replaying 3 buffered messages
[I 13:27:07.737 NotebookApp] Saving file at /Main Try.ipynb
[I 13:29:06.453 NotebookApp] Saving file at /Main Try.ipynb
[I 13:30:49.694 NotebookApp] Starting buffering for abd03034-5897-4920-8ffe-62ba56be066c:acbdecacebb54bb18fbb079d5bb52826
[I 13:30:51.321 NotebookApp] Kernel restarted: abd03034-5897-4920-8ffe-62ba56be066c
[I 13:30:51.356 NotebookApp] Restoring connection for abd03034-5897-4920-8ffe-62ba56be066c:acbdecacebb54bb18fbb079d5bb52826
[I 13:30:51.356 NotebookApp] Replaying 3 buffered messages
[I 13:31:06.925 NotebookApp] Saving file at /Main Try.ipynb
[I 13:33:05.863 NotebookApp] Saving file at /Main Try.ipynb
[I 13:34:59.549 NotebookApp] Starting buffering for abd03034-5897-4920-8ffe-62ba56be066c:acbdecacebb54bb18fbb079d5bb52826
[I 13:35:01.209 NotebookApp] Kernel restarted: abd03034-5897-4920-8ffe-62ba56be066c
[I 13:35:01.245 NotebookApp] Restoring connection for abd03034-5897-4920-8ffe-62ba56be066c:acbdecacebb54bb18fbb079d5bb52826
[I 13:35:01.245 NotebookApp] Replaying 3 buffered messages
[I 13:35:07.168 NotebookApp] Saving file at /Main Try.ipynb
[I 13:37:06.835 NotebookApp] Saving file at /Main Try.ipynb
[I 13:37:24.378 NotebookApp] Kernel interrupted: abd03034-5897-4920-8ffe-62ba56be066c
[I 13:37:33.210 NotebookApp] Saving file at /Main Try.ipynb
[I 13:37:43.184 NotebookApp] Saving file at /Main Try.ipynb
[I 13:37:47.465 NotebookApp] Saving file at /Main Try.ipynb
[I 13:38:43.559 NotebookApp] Kernel interrupted: abd03034-5897-4920-8ffe-62ba56be066c
[I 13:38:45.495 NotebookApp] Starting buffering for abd03034-5897-4920-8ffe-62ba56be066c:acbdecacebb54bb18fbb079d5bb52826
[I 13:38:47.652 NotebookApp] Kernel restarted: abd03034-5897-4920-8ffe-62ba56be066c
[I 13:38:48.019 NotebookApp] Restoring connection for abd03034-5897-4920-8ffe-62ba56be066c:acbdecacebb54bb18fbb079d5bb52826
[I 13:38:48.019 NotebookApp] Replaying 3 buffered messages
[I 13:39:07.368 NotebookApp] Saving file at /Main Try.ipynb
[I 13:43:29.074 NotebookApp] Starting buffering for abd03034-5897-4920-8ffe-62ba56be066c:acbdecacebb54bb18fbb079d5bb52826
[I 13:43:30.804 NotebookApp] Kernel restarted: abd03034-5897-4920-8ffe-62ba56be066c
[I 13:43:30.862 NotebookApp] Restoring connection for abd03034-5897-4920-8ffe-62ba56be066c:acbdecacebb54bb18fbb079d5bb52826
[I 13:43:30.862 NotebookApp] Replaying 3 buffered messages
[I 13:45:06.792 NotebookApp] Saving file at /Main Try.ipynb
[I 13:47:08.277 NotebookApp] Saving file at /Main Try.ipynb
[I 13:49:07.979 NotebookApp] Saving file at /Main Try.ipynb
[I 13:51:06.010 NotebookApp] Saving file at /Main Try.ipynb
[I 13:53:06.774 NotebookApp] Saving file at /Main Try.ipynb
[I 13:55:06.718 NotebookApp] Saving file at /Main Try.ipynb
[I 13:57:07.089 NotebookApp] Saving file at /Main Try.ipynb
[I 13:59:06.016 NotebookApp] Saving file at /Main Try.ipynb
[I 14:01:07.942 NotebookApp] Saving file at /Main Try.ipynb
[I 14:03:09.618 NotebookApp] Saving file at /Main Try.ipynb
[I 14:05:02.908 NotebookApp] Kernel interrupted: abd03034-5897-4920-8ffe-62ba56be066c
[I 14:05:05.893 NotebookApp] Saving file at /Main Try.ipynb
[I 14:05:06.135 NotebookApp] Starting buffering for abd03034-5897-4920-8ffe-62ba56be066c:acbdecacebb54bb18fbb079d5bb52826
[I 14:05:07.898 NotebookApp] Kernel restarted: abd03034-5897-4920-8ffe-62ba56be066c
[I 14:05:07.970 NotebookApp] Restoring connection for abd03034-5897-4920-8ffe-62ba56be066c:acbdecacebb54bb18fbb079d5bb52826
[I 14:05:07.970 NotebookApp] Replaying 3 buffered messages
[I 14:05:18.859 NotebookApp] Saving file at /Main Try.ipynb
[I 14:07:05.901 NotebookApp] Saving file at /Main Try.ipynb
[I 14:07:32.350 NotebookApp] Kernel interrupted: abd03034-5897-4920-8ffe-62ba56be066c
[I 14:07:58.742 NotebookApp] Starting buffering for abd03034-5897-4920-8ffe-62ba56be066c:acbdecacebb54bb18fbb079d5bb52826
[I 14:08:00.382 NotebookApp] Kernel restarted: abd03034-5897-4920-8ffe-62ba56be066c
[I 14:08:00.567 NotebookApp] Restoring connection for abd03034-5897-4920-8ffe-62ba56be066c:acbdecacebb54bb18fbb079d5bb52826
[I 14:08:00.567 NotebookApp] Replaying 3 buffered messages
[I 14:09:07.060 NotebookApp] Saving file at /Main Try.ipynb
[I 14:11:07.404 NotebookApp] Saving file at /Main Try.ipynb
[I 14:13:02.972 NotebookApp] Kernel interrupted: abd03034-5897-4920-8ffe-62ba56be066c
[I 14:13:05.959 NotebookApp] Saving file at /Main Try.ipynb
[I 14:13:24.764 NotebookApp] Starting buffering for abd03034-5897-4920-8ffe-62ba56be066c:acbdecacebb54bb18fbb079d5bb52826
[I 14:13:26.405 NotebookApp] Kernel restarted: abd03034-5897-4920-8ffe-62ba56be066c
[I 14:13:26.533 NotebookApp] Restoring connection for abd03034-5897-4920-8ffe-62ba56be066c:acbdecacebb54bb18fbb079d5bb52826
[I 14:13:26.533 NotebookApp] Replaying 3 buffered messages
[I 14:15:05.949 NotebookApp] Saving file at /Main Try.ipynb
[I 14:17:06.607 NotebookApp] Saving file at /Main Try.ipynb
[I 14:17:10.753 NotebookApp] Kernel interrupted: abd03034-5897-4920-8ffe-62ba56be066c
[I 14:17:15.638 NotebookApp] Starting buffering for abd03034-5897-4920-8ffe-62ba56be066c:acbdecacebb54bb18fbb079d5bb52826
[I 14:17:17.283 NotebookApp] Kernel restarted: abd03034-5897-4920-8ffe-62ba56be066c
[I 14:17:17.355 NotebookApp] Restoring connection for abd03034-5897-4920-8ffe-62ba56be066c:acbdecacebb54bb18fbb079d5bb52826
[I 14:17:17.355 NotebookApp] Replaying 3 buffered messages
[I 14:18:36.693 NotebookApp] Kernel interrupted: abd03034-5897-4920-8ffe-62ba56be066c
[I 14:18:44.628 NotebookApp] Starting buffering for abd03034-5897-4920-8ffe-62ba56be066c:acbdecacebb54bb18fbb079d5bb52826
[I 14:18:50.190 NotebookApp] Kernel restarted: abd03034-5897-4920-8ffe-62ba56be066c
[I 14:18:50.255 NotebookApp] Restoring connection for abd03034-5897-4920-8ffe-62ba56be066c:acbdecacebb54bb18fbb079d5bb52826
[I 14:18:50.255 NotebookApp] Replaying 3 buffered messages
[I 14:19:05.915 NotebookApp] Saving file at /Main Try.ipynb
[I 14:19:52.475 NotebookApp] Kernel interrupted: abd03034-5897-4920-8ffe-62ba56be066c
[I 14:19:58.123 NotebookApp] Starting buffering for abd03034-5897-4920-8ffe-62ba56be066c:acbdecacebb54bb18fbb079d5bb52826
[I 14:19:59.767 NotebookApp] Kernel restarted: abd03034-5897-4920-8ffe-62ba56be066c
[I 14:19:59.894 NotebookApp] Restoring connection for abd03034-5897-4920-8ffe-62ba56be066c:acbdecacebb54bb18fbb079d5bb52826
[I 14:19:59.894 NotebookApp] Replaying 3 buffered messages
[I 14:21:05.914 NotebookApp] Saving file at /Main Try.ipynb
[I 14:21:17.875 NotebookApp] Kernel interrupted: abd03034-5897-4920-8ffe-62ba56be066c
[I 14:21:20.065 NotebookApp] Kernel interrupted: abd03034-5897-4920-8ffe-62ba56be066c
[I 14:21:28.213 NotebookApp] Starting buffering for abd03034-5897-4920-8ffe-62ba56be066c:acbdecacebb54bb18fbb079d5bb52826
[I 14:21:29.849 NotebookApp] Kernel restarted: abd03034-5897-4920-8ffe-62ba56be066c
[I 14:21:29.977 NotebookApp] Restoring connection for abd03034-5897-4920-8ffe-62ba56be066c:acbdecacebb54bb18fbb079d5bb52826
[I 14:21:29.977 NotebookApp] Replaying 3 buffered messages
[I 14:22:56.815 NotebookApp] Kernel interrupted: abd03034-5897-4920-8ffe-62ba56be066c
[I 14:23:04.480 NotebookApp] Starting buffering for abd03034-5897-4920-8ffe-62ba56be066c:acbdecacebb54bb18fbb079d5bb52826
[I 14:23:06.173 NotebookApp] Kernel restarted: abd03034-5897-4920-8ffe-62ba56be066c
[I 14:23:06.321 NotebookApp] Saving file at /Main Try.ipynb
[I 14:23:06.437 NotebookApp] Restoring connection for abd03034-5897-4920-8ffe-62ba56be066c:acbdecacebb54bb18fbb079d5bb52826
[I 14:23:06.437 NotebookApp] Replaying 3 buffered messages
[I 14:24:21.884 NotebookApp] Kernel interrupted: abd03034-5897-4920-8ffe-62ba56be066c
[I 14:24:33.424 NotebookApp] Starting buffering for abd03034-5897-4920-8ffe-62ba56be066c:acbdecacebb54bb18fbb079d5bb52826
[I 14:24:35.064 NotebookApp] Kernel restarted: abd03034-5897-4920-8ffe-62ba56be066c
[I 14:24:35.156 NotebookApp] Restoring connection for abd03034-5897-4920-8ffe-62ba56be066c:acbdecacebb54bb18fbb079d5bb52826
[I 14:24:35.156 NotebookApp] Replaying 3 buffered messages
[I 14:25:06.706 NotebookApp] Saving file at /Main Try.ipynb
[I 14:27:05.947 NotebookApp] Saving file at /Main Try.ipynb
[I 14:27:28.497 NotebookApp] Kernel interrupted: abd03034-5897-4920-8ffe-62ba56be066c
[I 14:29:05.933 NotebookApp] Saving file at /Main Try.ipynb
[I 15:33:17.319 NotebookApp] Starting buffering for abd03034-5897-4920-8ffe-62ba56be066c:acbdecacebb54bb18fbb079d5bb52826
