/scratch/nsk367/anaconda3/envs/irl/lib/python3.8/site-packages/torch/cuda/__init__.py:52: UserWarning: CUDA initialization: The NVIDIA driver on your system is too old (found version 10010). Please update your GPU driver by downloading and installing a new version from the URL: http://www.nvidia.com/Download/index.aspx Alternatively, go to: https://pytorch.org to install a PyTorch version that has been compiled with your version of the CUDA driver. (Triggered internally at  /pytorch/c10/cuda/CUDAFunctions.cpp:100.)
  return torch._C._cuda_getDeviceCount() > 0
Traceback (most recent call last):
  File "main.py", line 229, in <module>
    main()
  File "main.py", line 122, in main
    actor.to(device), critic.to(device), discrim.to(device)
  File "/scratch/nsk367/anaconda3/envs/irl/lib/python3.8/site-packages/torch/nn/modules/module.py", line 612, in to
    return self._apply(convert)
  File "/scratch/nsk367/anaconda3/envs/irl/lib/python3.8/site-packages/torch/nn/modules/module.py", line 359, in _apply
    module._apply(fn)
  File "/scratch/nsk367/anaconda3/envs/irl/lib/python3.8/site-packages/torch/nn/modules/module.py", line 359, in _apply
    module._apply(fn)
  File "/scratch/nsk367/anaconda3/envs/irl/lib/python3.8/site-packages/torch/nn/modules/module.py", line 359, in _apply
    module._apply(fn)
  File "/scratch/nsk367/anaconda3/envs/irl/lib/python3.8/site-packages/torch/nn/modules/rnn.py", line 155, in _apply
    ret = super(RNNBase, self)._apply(fn)
  File "/scratch/nsk367/anaconda3/envs/irl/lib/python3.8/site-packages/torch/nn/modules/module.py", line 381, in _apply
    param_applied = fn(param)
  File "/scratch/nsk367/anaconda3/envs/irl/lib/python3.8/site-packages/torch/nn/modules/module.py", line 610, in convert
    return t.to(device, dtype if t.is_floating_point() else None, non_blocking)
  File "/scratch/nsk367/anaconda3/envs/irl/lib/python3.8/site-packages/torch/cuda/__init__.py", line 172, in _lazy_init
    torch._C._cuda_init()
RuntimeError: The NVIDIA driver on your system is too old (found version 10010). Please update your GPU driver by downloading and installing a new version from the URL: http://www.nvidia.com/Download/index.aspx Alternatively, go to: https://pytorch.org to install a PyTorch version that has been compiled with your version of the CUDA driver.
