/scratch/nsk367/anaconda3/envs/irl/lib/python3.8/site-packages/torch/tensor.py:447: UserWarning: non-inplace resize is deprecated
  warnings.warn("non-inplace resize is deprecated")
/scratch/nsk367/deepRL/limitation-learning/src/GAIL.py:86: RuntimeWarning: invalid value encountered in float_scalars
  return np.dot(s1v, s2v)/(np.linalg.norm(s1v)*np.linalg.norm(s2v))
WARNING:root:NaN or Inf found in input tensor.
WARNING:root:NaN or Inf found in input tensor.
WARNING:root:NaN or Inf found in input tensor.
WARNING:root:NaN or Inf found in input tensor.
WARNING:root:NaN or Inf found in input tensor.
WARNING:root:NaN or Inf found in input tensor.
WARNING:root:NaN or Inf found in input tensor.
WARNING:root:NaN or Inf found in input tensor.
WARNING:root:NaN or Inf found in input tensor.
WARNING:root:NaN or Inf found in input tensor.
WARNING:root:NaN or Inf found in input tensor.
WARNING:root:NaN or Inf found in input tensor.
WARNING:root:NaN or Inf found in input tensor.
WARNING:root:NaN or Inf found in input tensor.
WARNING:root:NaN or Inf found in input tensor.
WARNING:root:NaN or Inf found in input tensor.
WARNING:root:NaN or Inf found in input tensor.
WARNING:root:NaN or Inf found in input tensor.
WARNING:root:NaN or Inf found in input tensor.
WARNING:root:NaN or Inf found in input tensor.
WARNING:root:NaN or Inf found in input tensor.
WARNING:root:NaN or Inf found in input tensor.
WARNING:root:NaN or Inf found in input tensor.
WARNING:root:NaN or Inf found in input tensor.
WARNING:root:NaN or Inf found in input tensor.
WARNING:root:NaN or Inf found in input tensor.
WARNING:root:NaN or Inf found in input tensor.
WARNING:root:NaN or Inf found in input tensor.
WARNING:root:NaN or Inf found in input tensor.
WARNING:root:NaN or Inf found in input tensor.
WARNING:root:NaN or Inf found in input tensor.
WARNING:root:NaN or Inf found in input tensor.
WARNING:root:NaN or Inf found in input tensor.
WARNING:root:NaN or Inf found in input tensor.
WARNING:root:NaN or Inf found in input tensor.
WARNING:root:NaN or Inf found in input tensor.
WARNING:root:NaN or Inf found in input tensor.
WARNING:root:NaN or Inf found in input tensor.
WARNING:root:NaN or Inf found in input tensor.
WARNING:root:NaN or Inf found in input tensor.
WARNING:root:NaN or Inf found in input tensor.
WARNING:root:NaN or Inf found in input tensor.
WARNING:root:NaN or Inf found in input tensor.
WARNING:root:NaN or Inf found in input tensor.
WARNING:root:NaN or Inf found in input tensor.
WARNING:root:NaN or Inf found in input tensor.
WARNING:root:NaN or Inf found in input tensor.
WARNING:root:NaN or Inf found in input tensor.
WARNING:root:NaN or Inf found in input tensor.
WARNING:root:NaN or Inf found in input tensor.
WARNING:root:NaN or Inf found in input tensor.
WARNING:root:NaN or Inf found in input tensor.
WARNING:root:NaN or Inf found in input tensor.
WARNING:root:NaN or Inf found in input tensor.
WARNING:root:NaN or Inf found in input tensor.
WARNING:root:NaN or Inf found in input tensor.
WARNING:root:NaN or Inf found in input tensor.
WARNING:root:NaN or Inf found in input tensor.
WARNING:root:NaN or Inf found in input tensor.
WARNING:root:NaN or Inf found in input tensor.
WARNING:root:NaN or Inf found in input tensor.
WARNING:root:NaN or Inf found in input tensor.
WARNING:root:NaN or Inf found in input tensor.
WARNING:root:NaN or Inf found in input tensor.
WARNING:root:NaN or Inf found in input tensor.
WARNING:root:NaN or Inf found in input tensor.
WARNING:root:NaN or Inf found in input tensor.
WARNING:root:NaN or Inf found in input tensor.
WARNING:root:NaN or Inf found in input tensor.
WARNING:root:NaN or Inf found in input tensor.
WARNING:root:NaN or Inf found in input tensor.
WARNING:root:NaN or Inf found in input tensor.
WARNING:root:NaN or Inf found in input tensor.
WARNING:root:NaN or Inf found in input tensor.
WARNING:root:NaN or Inf found in input tensor.
WARNING:root:NaN or Inf found in input tensor.
WARNING:root:NaN or Inf found in input tensor.
WARNING:root:NaN or Inf found in input tensor.
WARNING:root:NaN or Inf found in input tensor.
WARNING:root:NaN or Inf found in input tensor.
WARNING:root:NaN or Inf found in input tensor.
WARNING:root:NaN or Inf found in input tensor.
WARNING:root:NaN or Inf found in input tensor.
WARNING:root:NaN or Inf found in input tensor.
WARNING:root:NaN or Inf found in input tensor.
WARNING:root:NaN or Inf found in input tensor.
WARNING:root:NaN or Inf found in input tensor.
WARNING:root:NaN or Inf found in input tensor.
WARNING:root:NaN or Inf found in input tensor.
WARNING:root:NaN or Inf found in input tensor.
WARNING:root:NaN or Inf found in input tensor.
WARNING:root:NaN or Inf found in input tensor.
WARNING:root:NaN or Inf found in input tensor.
WARNING:root:NaN or Inf found in input tensor.
WARNING:root:NaN or Inf found in input tensor.
WARNING:root:NaN or Inf found in input tensor.
WARNING:root:NaN or Inf found in input tensor.
WARNING:root:NaN or Inf found in input tensor.
WARNING:root:NaN or Inf found in input tensor.
WARNING:root:NaN or Inf found in input tensor.
WARNING:root:NaN or Inf found in input tensor.
WARNING:root:NaN or Inf found in input tensor.
WARNING:root:NaN or Inf found in input tensor.
WARNING:root:NaN or Inf found in input tensor.
WARNING:root:NaN or Inf found in input tensor.
WARNING:root:NaN or Inf found in input tensor.
WARNING:root:NaN or Inf found in input tensor.
WARNING:root:NaN or Inf found in input tensor.
/pytorch/aten/src/ATen/native/cuda/Loss.cu:102: operator(): block: [1,0,0], thread: [0,0,0] Assertion `input_val >= zero && input_val <= one` failed.
/pytorch/aten/src/ATen/native/cuda/Loss.cu:102: operator(): block: [1,0,0], thread: [1,0,0] Assertion `input_val >= zero && input_val <= one` failed.
/pytorch/aten/src/ATen/native/cuda/Loss.cu:102: operator(): block: [1,0,0], thread: [2,0,0] Assertion `input_val >= zero && input_val <= one` failed.
/pytorch/aten/src/ATen/native/cuda/Loss.cu:102: operator(): block: [1,0,0], thread: [3,0,0] Assertion `input_val >= zero && input_val <= one` failed.
/pytorch/aten/src/ATen/native/cuda/Loss.cu:102: operator(): block: [1,0,0], thread: [4,0,0] Assertion `input_val >= zero && input_val <= one` failed.
/pytorch/aten/src/ATen/native/cuda/Loss.cu:102: operator(): block: [1,0,0], thread: [5,0,0] Assertion `input_val >= zero && input_val <= one` failed.
/pytorch/aten/src/ATen/native/cuda/Loss.cu:102: operator(): block: [1,0,0], thread: [6,0,0] Assertion `input_val >= zero && input_val <= one` failed.
/pytorch/aten/src/ATen/native/cuda/Loss.cu:102: operator(): block: [1,0,0], thread: [7,0,0] Assertion `input_val >= zero && input_val <= one` failed.
/pytorch/aten/src/ATen/native/cuda/Loss.cu:102: operator(): block: [1,0,0], thread: [8,0,0] Assertion `input_val >= zero && input_val <= one` failed.
/pytorch/aten/src/ATen/native/cuda/Loss.cu:102: operator(): block: [1,0,0], thread: [9,0,0] Assertion `input_val >= zero && input_val <= one` failed.
/pytorch/aten/src/ATen/native/cuda/Loss.cu:102: operator(): block: [1,0,0], thread: [10,0,0] Assertion `input_val >= zero && input_val <= one` failed.
/pytorch/aten/src/ATen/native/cuda/Loss.cu:102: operator(): block: [1,0,0], thread: [11,0,0] Assertion `input_val >= zero && input_val <= one` failed.
/pytorch/aten/src/ATen/native/cuda/Loss.cu:102: operator(): block: [1,0,0], thread: [12,0,0] Assertion `input_val >= zero && input_val <= one` failed.
/pytorch/aten/src/ATen/native/cuda/Loss.cu:102: operator(): block: [1,0,0], thread: [13,0,0] Assertion `input_val >= zero && input_val <= one` failed.
/pytorch/aten/src/ATen/native/cuda/Loss.cu:102: operator(): block: [1,0,0], thread: [14,0,0] Assertion `input_val >= zero && input_val <= one` failed.
/pytorch/aten/src/ATen/native/cuda/Loss.cu:102: operator(): block: [1,0,0], thread: [15,0,0] Assertion `input_val >= zero && input_val <= one` failed.
/pytorch/aten/src/ATen/native/cuda/Loss.cu:102: operator(): block: [1,0,0], thread: [16,0,0] Assertion `input_val >= zero && input_val <= one` failed.
/pytorch/aten/src/ATen/native/cuda/Loss.cu:102: operator(): block: [1,0,0], thread: [17,0,0] Assertion `input_val >= zero && input_val <= one` failed.
/pytorch/aten/src/ATen/native/cuda/Loss.cu:102: operator(): block: [1,0,0], thread: [18,0,0] Assertion `input_val >= zero && input_val <= one` failed.
/pytorch/aten/src/ATen/native/cuda/Loss.cu:102: operator(): block: [1,0,0], thread: [19,0,0] Assertion `input_val >= zero && input_val <= one` failed.
/pytorch/aten/src/ATen/native/cuda/Loss.cu:102: operator(): block: [1,0,0], thread: [20,0,0] Assertion `input_val >= zero && input_val <= one` failed.
/pytorch/aten/src/ATen/native/cuda/Loss.cu:102: operator(): block: [1,0,0], thread: [21,0,0] Assertion `input_val >= zero && input_val <= one` failed.
/pytorch/aten/src/ATen/native/cuda/Loss.cu:102: operator(): block: [1,0,0], thread: [22,0,0] Assertion `input_val >= zero && input_val <= one` failed.
/pytorch/aten/src/ATen/native/cuda/Loss.cu:102: operator(): block: [1,0,0], thread: [23,0,0] Assertion `input_val >= zero && input_val <= one` failed.
/pytorch/aten/src/ATen/native/cuda/Loss.cu:102: operator(): block: [1,0,0], thread: [24,0,0] Assertion `input_val >= zero && input_val <= one` failed.
/pytorch/aten/src/ATen/native/cuda/Loss.cu:102: operator(): block: [1,0,0], thread: [25,0,0] Assertion `input_val >= zero && input_val <= one` failed.
/pytorch/aten/src/ATen/native/cuda/Loss.cu:102: operator(): block: [1,0,0], thread: [26,0,0] Assertion `input_val >= zero && input_val <= one` failed.
/pytorch/aten/src/ATen/native/cuda/Loss.cu:102: operator(): block: [1,0,0], thread: [27,0,0] Assertion `input_val >= zero && input_val <= one` failed.
/pytorch/aten/src/ATen/native/cuda/Loss.cu:102: operator(): block: [1,0,0], thread: [28,0,0] Assertion `input_val >= zero && input_val <= one` failed.
/pytorch/aten/src/ATen/native/cuda/Loss.cu:102: operator(): block: [1,0,0], thread: [29,0,0] Assertion `input_val >= zero && input_val <= one` failed.
/pytorch/aten/src/ATen/native/cuda/Loss.cu:102: operator(): block: [1,0,0], thread: [30,0,0] Assertion `input_val >= zero && input_val <= one` failed.
/pytorch/aten/src/ATen/native/cuda/Loss.cu:102: operator(): block: [1,0,0], thread: [31,0,0] Assertion `input_val >= zero && input_val <= one` failed.
/pytorch/aten/src/ATen/native/cuda/Loss.cu:102: operator(): block: [1,0,0], thread: [32,0,0] Assertion `input_val >= zero && input_val <= one` failed.
/pytorch/aten/src/ATen/native/cuda/Loss.cu:102: operator(): block: [1,0,0], thread: [33,0,0] Assertion `input_val >= zero && input_val <= one` failed.
/pytorch/aten/src/ATen/native/cuda/Loss.cu:102: operator(): block: [1,0,0], thread: [34,0,0] Assertion `input_val >= zero && input_val <= one` failed.
/pytorch/aten/src/ATen/native/cuda/Loss.cu:102: operator(): block: [1,0,0], thread: [35,0,0] Assertion `input_val >= zero && input_val <= one` failed.
/pytorch/aten/src/ATen/native/cuda/Loss.cu:102: operator(): block: [1,0,0], thread: [36,0,0] Assertion `input_val >= zero && input_val <= one` failed.
/pytorch/aten/src/ATen/native/cuda/Loss.cu:102: operator(): block: [1,0,0], thread: [37,0,0] Assertion `input_val >= zero && input_val <= one` failed.
/pytorch/aten/src/ATen/native/cuda/Loss.cu:102: operator(): block: [1,0,0], thread: [38,0,0] Assertion `input_val >= zero && input_val <= one` failed.
/pytorch/aten/src/ATen/native/cuda/Loss.cu:102: operator(): block: [1,0,0], thread: [39,0,0] Assertion `input_val >= zero && input_val <= one` failed.
/pytorch/aten/src/ATen/native/cuda/Loss.cu:102: operator(): block: [1,0,0], thread: [40,0,0] Assertion `input_val >= zero && input_val <= one` failed.
/pytorch/aten/src/ATen/native/cuda/Loss.cu:102: operator(): block: [1,0,0], thread: [41,0,0] Assertion `input_val >= zero && input_val <= one` failed.
/pytorch/aten/src/ATen/native/cuda/Loss.cu:102: operator(): block: [1,0,0], thread: [42,0,0] Assertion `input_val >= zero && input_val <= one` failed.
/pytorch/aten/src/ATen/native/cuda/Loss.cu:102: operator(): block: [1,0,0], thread: [43,0,0] Assertion `input_val >= zero && input_val <= one` failed.
/pytorch/aten/src/ATen/native/cuda/Loss.cu:102: operator(): block: [1,0,0], thread: [44,0,0] Assertion `input_val >= zero && input_val <= one` failed.
/pytorch/aten/src/ATen/native/cuda/Loss.cu:102: operator(): block: [1,0,0], thread: [45,0,0] Assertion `input_val >= zero && input_val <= one` failed.
/pytorch/aten/src/ATen/native/cuda/Loss.cu:102: operator(): block: [1,0,0], thread: [46,0,0] Assertion `input_val >= zero && input_val <= one` failed.
/pytorch/aten/src/ATen/native/cuda/Loss.cu:102: operator(): block: [1,0,0], thread: [47,0,0] Assertion `input_val >= zero && input_val <= one` failed.
/pytorch/aten/src/ATen/native/cuda/Loss.cu:102: operator(): block: [1,0,0], thread: [48,0,0] Assertion `input_val >= zero && input_val <= one` failed.
/pytorch/aten/src/ATen/native/cuda/Loss.cu:102: operator(): block: [1,0,0], thread: [49,0,0] Assertion `input_val >= zero && input_val <= one` failed.
/pytorch/aten/src/ATen/native/cuda/Loss.cu:102: operator(): block: [1,0,0], thread: [50,0,0] Assertion `input_val >= zero && input_val <= one` failed.
/pytorch/aten/src/ATen/native/cuda/Loss.cu:102: operator(): block: [1,0,0], thread: [51,0,0] Assertion `input_val >= zero && input_val <= one` failed.
/pytorch/aten/src/ATen/native/cuda/Loss.cu:102: operator(): block: [1,0,0], thread: [52,0,0] Assertion `input_val >= zero && input_val <= one` failed.
/pytorch/aten/src/ATen/native/cuda/Loss.cu:102: operator(): block: [1,0,0], thread: [53,0,0] Assertion `input_val >= zero && input_val <= one` failed.
/pytorch/aten/src/ATen/native/cuda/Loss.cu:102: operator(): block: [1,0,0], thread: [54,0,0] Assertion `input_val >= zero && input_val <= one` failed.
/pytorch/aten/src/ATen/native/cuda/Loss.cu:102: operator(): block: [1,0,0], thread: [55,0,0] Assertion `input_val >= zero && input_val <= one` failed.
/pytorch/aten/src/ATen/native/cuda/Loss.cu:102: operator(): block: [1,0,0], thread: [56,0,0] Assertion `input_val >= zero && input_val <= one` failed.
/pytorch/aten/src/ATen/native/cuda/Loss.cu:102: operator(): block: [1,0,0], thread: [57,0,0] Assertion `input_val >= zero && input_val <= one` failed.
/pytorch/aten/src/ATen/native/cuda/Loss.cu:102: operator(): block: [1,0,0], thread: [58,0,0] Assertion `input_val >= zero && input_val <= one` failed.
/pytorch/aten/src/ATen/native/cuda/Loss.cu:102: operator(): block: [1,0,0], thread: [59,0,0] Assertion `input_val >= zero && input_val <= one` failed.
/pytorch/aten/src/ATen/native/cuda/Loss.cu:102: operator(): block: [1,0,0], thread: [60,0,0] Assertion `input_val >= zero && input_val <= one` failed.
/pytorch/aten/src/ATen/native/cuda/Loss.cu:102: operator(): block: [1,0,0], thread: [61,0,0] Assertion `input_val >= zero && input_val <= one` failed.
/pytorch/aten/src/ATen/native/cuda/Loss.cu:102: operator(): block: [1,0,0], thread: [62,0,0] Assertion `input_val >= zero && input_val <= one` failed.
/pytorch/aten/src/ATen/native/cuda/Loss.cu:102: operator(): block: [1,0,0], thread: [63,0,0] Assertion `input_val >= zero && input_val <= one` failed.
/pytorch/aten/src/ATen/native/cuda/Loss.cu:102: operator(): block: [7,0,0], thread: [0,0,0] Assertion `input_val >= zero && input_val <= one` failed.
/pytorch/aten/src/ATen/native/cuda/Loss.cu:102: operator(): block: [7,0,0], thread: [1,0,0] Assertion `input_val >= zero && input_val <= one` failed.
/pytorch/aten/src/ATen/native/cuda/Loss.cu:102: operator(): block: [7,0,0], thread: [2,0,0] Assertion `input_val >= zero && input_val <= one` failed.
/pytorch/aten/src/ATen/native/cuda/Loss.cu:102: operator(): block: [7,0,0], thread: [3,0,0] Assertion `input_val >= zero && input_val <= one` failed.
/pytorch/aten/src/ATen/native/cuda/Loss.cu:102: operator(): block: [7,0,0], thread: [4,0,0] Assertion `input_val >= zero && input_val <= one` failed.
/pytorch/aten/src/ATen/native/cuda/Loss.cu:102: operator(): block: [7,0,0], thread: [5,0,0] Assertion `input_val >= zero && input_val <= one` failed.
/pytorch/aten/src/ATen/native/cuda/Loss.cu:102: operator(): block: [7,0,0], thread: [6,0,0] Assertion `input_val >= zero && input_val <= one` failed.
/pytorch/aten/src/ATen/native/cuda/Loss.cu:102: operator(): block: [7,0,0], thread: [7,0,0] Assertion `input_val >= zero && input_val <= one` failed.
/pytorch/aten/src/ATen/native/cuda/Loss.cu:102: operator(): block: [7,0,0], thread: [8,0,0] Assertion `input_val >= zero && input_val <= one` failed.
/pytorch/aten/src/ATen/native/cuda/Loss.cu:102: operator(): block: [7,0,0], thread: [9,0,0] Assertion `input_val >= zero && input_val <= one` failed.
/pytorch/aten/src/ATen/native/cuda/Loss.cu:102: operator(): block: [7,0,0], thread: [10,0,0] Assertion `input_val >= zero && input_val <= one` failed.
/pytorch/aten/src/ATen/native/cuda/Loss.cu:102: operator(): block: [7,0,0], thread: [11,0,0] Assertion `input_val >= zero && input_val <= one` failed.
/pytorch/aten/src/ATen/native/cuda/Loss.cu:102: operator(): block: [7,0,0], thread: [12,0,0] Assertion `input_val >= zero && input_val <= one` failed.
/pytorch/aten/src/ATen/native/cuda/Loss.cu:102: operator(): block: [7,0,0], thread: [13,0,0] Assertion `input_val >= zero && input_val <= one` failed.
/pytorch/aten/src/ATen/native/cuda/Loss.cu:102: operator(): block: [7,0,0], thread: [14,0,0] Assertion `input_val >= zero && input_val <= one` failed.
/pytorch/aten/src/ATen/native/cuda/Loss.cu:102: operator(): block: [7,0,0], thread: [15,0,0] Assertion `input_val >= zero && input_val <= one` failed.
/pytorch/aten/src/ATen/native/cuda/Loss.cu:102: operator(): block: [7,0,0], thread: [16,0,0] Assertion `input_val >= zero && input_val <= one` failed.
/pytorch/aten/src/ATen/native/cuda/Loss.cu:102: operator(): block: [7,0,0], thread: [17,0,0] Assertion `input_val >= zero && input_val <= one` failed.
/pytorch/aten/src/ATen/native/cuda/Loss.cu:102: operator(): block: [7,0,0], thread: [18,0,0] Assertion `input_val >= zero && input_val <= one` failed.
/pytorch/aten/src/ATen/native/cuda/Loss.cu:102: operator(): block: [7,0,0], thread: [19,0,0] Assertion `input_val >= zero && input_val <= one` failed.
/pytorch/aten/src/ATen/native/cuda/Loss.cu:102: operator(): block: [7,0,0], thread: [20,0,0] Assertion `input_val >= zero && input_val <= one` failed.
/pytorch/aten/src/ATen/native/cuda/Loss.cu:102: operator(): block: [7,0,0], thread: [21,0,0] Assertion `input_val >= zero && input_val <= one` failed.
/pytorch/aten/src/ATen/native/cuda/Loss.cu:102: operator(): block: [7,0,0], thread: [22,0,0] Assertion `input_val >= zero && input_val <= one` failed.
/pytorch/aten/src/ATen/native/cuda/Loss.cu:102: operator(): block: [7,0,0], thread: [23,0,0] Assertion `input_val >= zero && input_val <= one` failed.
/pytorch/aten/src/ATen/native/cuda/Loss.cu:102: operator(): block: [7,0,0], thread: [24,0,0] Assertion `input_val >= zero && input_val <= one` failed.
/pytorch/aten/src/ATen/native/cuda/Loss.cu:102: operator(): block: [7,0,0], thread: [25,0,0] Assertion `input_val >= zero && input_val <= one` failed.
/pytorch/aten/src/ATen/native/cuda/Loss.cu:102: operator(): block: [7,0,0], thread: [26,0,0] Assertion `input_val >= zero && input_val <= one` failed.
/pytorch/aten/src/ATen/native/cuda/Loss.cu:102: operator(): block: [7,0,0], thread: [27,0,0] Assertion `input_val >= zero && input_val <= one` failed.
/pytorch/aten/src/ATen/native/cuda/Loss.cu:102: operator(): block: [7,0,0], thread: [28,0,0] Assertion `input_val >= zero && input_val <= one` failed.
/pytorch/aten/src/ATen/native/cuda/Loss.cu:102: operator(): block: [7,0,0], thread: [29,0,0] Assertion `input_val >= zero && input_val <= one` failed.
/pytorch/aten/src/ATen/native/cuda/Loss.cu:102: operator(): block: [7,0,0], thread: [30,0,0] Assertion `input_val >= zero && input_val <= one` failed.
/pytorch/aten/src/ATen/native/cuda/Loss.cu:102: operator(): block: [7,0,0], thread: [31,0,0] Assertion `input_val >= zero && input_val <= one` failed.
/pytorch/aten/src/ATen/native/cuda/Loss.cu:102: operator(): block: [7,0,0], thread: [32,0,0] Assertion `input_val >= zero && input_val <= one` failed.
/pytorch/aten/src/ATen/native/cuda/Loss.cu:102: operator(): block: [7,0,0], thread: [33,0,0] Assertion `input_val >= zero && input_val <= one` failed.
/pytorch/aten/src/ATen/native/cuda/Loss.cu:102: operator(): block: [7,0,0], thread: [34,0,0] Assertion `input_val >= zero && input_val <= one` failed.
/pytorch/aten/src/ATen/native/cuda/Loss.cu:102: operator(): block: [7,0,0], thread: [35,0,0] Assertion `input_val >= zero && input_val <= one` failed.
/pytorch/aten/src/ATen/native/cuda/Loss.cu:102: operator(): block: [7,0,0], thread: [36,0,0] Assertion `input_val >= zero && input_val <= one` failed.
/pytorch/aten/src/ATen/native/cuda/Loss.cu:102: operator(): block: [7,0,0], thread: [37,0,0] Assertion `input_val >= zero && input_val <= one` failed.
/pytorch/aten/src/ATen/native/cuda/Loss.cu:102: operator(): block: [7,0,0], thread: [38,0,0] Assertion `input_val >= zero && input_val <= one` failed.
/pytorch/aten/src/ATen/native/cuda/Loss.cu:102: operator(): block: [7,0,0], thread: [39,0,0] Assertion `input_val >= zero && input_val <= one` failed.
/pytorch/aten/src/ATen/native/cuda/Loss.cu:102: operator(): block: [7,0,0], thread: [40,0,0] Assertion `input_val >= zero && input_val <= one` failed.
/pytorch/aten/src/ATen/native/cuda/Loss.cu:102: operator(): block: [7,0,0], thread: [41,0,0] Assertion `input_val >= zero && input_val <= one` failed.
/pytorch/aten/src/ATen/native/cuda/Loss.cu:102: operator(): block: [7,0,0], thread: [42,0,0] Assertion `input_val >= zero && input_val <= one` failed.
/pytorch/aten/src/ATen/native/cuda/Loss.cu:102: operator(): block: [7,0,0], thread: [43,0,0] Assertion `input_val >= zero && input_val <= one` failed.
/pytorch/aten/src/ATen/native/cuda/Loss.cu:102: operator(): block: [7,0,0], thread: [44,0,0] Assertion `input_val >= zero && input_val <= one` failed.
/pytorch/aten/src/ATen/native/cuda/Loss.cu:102: operator(): block: [7,0,0], thread: [45,0,0] Assertion `input_val >= zero && input_val <= one` failed.
/pytorch/aten/src/ATen/native/cuda/Loss.cu:102: operator(): block: [7,0,0], thread: [46,0,0] Assertion `input_val >= zero && input_val <= one` failed.
/pytorch/aten/src/ATen/native/cuda/Loss.cu:102: operator(): block: [7,0,0], thread: [47,0,0] Assertion `input_val >= zero && input_val <= one` failed.
/pytorch/aten/src/ATen/native/cuda/Loss.cu:102: operator(): block: [7,0,0], thread: [48,0,0] Assertion `input_val >= zero && input_val <= one` failed.
/pytorch/aten/src/ATen/native/cuda/Loss.cu:102: operator(): block: [7,0,0], thread: [49,0,0] Assertion `input_val >= zero && input_val <= one` failed.
/pytorch/aten/src/ATen/native/cuda/Loss.cu:102: operator(): block: [7,0,0], thread: [50,0,0] Assertion `input_val >= zero && input_val <= one` failed.
/pytorch/aten/src/ATen/native/cuda/Loss.cu:102: operator(): block: [7,0,0], thread: [51,0,0] Assertion `input_val >= zero && input_val <= one` failed.
/pytorch/aten/src/ATen/native/cuda/Loss.cu:102: operator(): block: [7,0,0], thread: [52,0,0] Assertion `input_val >= zero && input_val <= one` failed.
/pytorch/aten/src/ATen/native/cuda/Loss.cu:102: operator(): block: [7,0,0], thread: [53,0,0] Assertion `input_val >= zero && input_val <= one` failed.
/pytorch/aten/src/ATen/native/cuda/Loss.cu:102: operator(): block: [7,0,0], thread: [54,0,0] Assertion `input_val >= zero && input_val <= one` failed.
/pytorch/aten/src/ATen/native/cuda/Loss.cu:102: operator(): block: [7,0,0], thread: [55,0,0] Assertion `input_val >= zero && input_val <= one` failed.
/pytorch/aten/src/ATen/native/cuda/Loss.cu:102: operator(): block: [7,0,0], thread: [56,0,0] Assertion `input_val >= zero && input_val <= one` failed.
/pytorch/aten/src/ATen/native/cuda/Loss.cu:102: operator(): block: [7,0,0], thread: [57,0,0] Assertion `input_val >= zero && input_val <= one` failed.
/pytorch/aten/src/ATen/native/cuda/Loss.cu:102: operator(): block: [7,0,0], thread: [58,0,0] Assertion `input_val >= zero && input_val <= one` failed.
/pytorch/aten/src/ATen/native/cuda/Loss.cu:102: operator(): block: [7,0,0], thread: [59,0,0] Assertion `input_val >= zero && input_val <= one` failed.
/pytorch/aten/src/ATen/native/cuda/Loss.cu:102: operator(): block: [7,0,0], thread: [60,0,0] Assertion `input_val >= zero && input_val <= one` failed.
/pytorch/aten/src/ATen/native/cuda/Loss.cu:102: operator(): block: [7,0,0], thread: [61,0,0] Assertion `input_val >= zero && input_val <= one` failed.
/pytorch/aten/src/ATen/native/cuda/Loss.cu:102: operator(): block: [7,0,0], thread: [62,0,0] Assertion `input_val >= zero && input_val <= one` failed.
/pytorch/aten/src/ATen/native/cuda/Loss.cu:102: operator(): block: [7,0,0], thread: [63,0,0] Assertion `input_val >= zero && input_val <= one` failed.
/pytorch/aten/src/ATen/native/cuda/Loss.cu:102: operator(): block: [3,0,0], thread: [0,0,0] Assertion `input_val >= zero && input_val <= one` failed.
/pytorch/aten/src/ATen/native/cuda/Loss.cu:102: operator(): block: [3,0,0], thread: [1,0,0] Assertion `input_val >= zero && input_val <= one` failed.
/pytorch/aten/src/ATen/native/cuda/Loss.cu:102: operator(): block: [3,0,0], thread: [2,0,0] Assertion `input_val >= zero && input_val <= one` failed.
/pytorch/aten/src/ATen/native/cuda/Loss.cu:102: operator(): block: [3,0,0], thread: [3,0,0] Assertion `input_val >= zero && input_val <= one` failed.
/pytorch/aten/src/ATen/native/cuda/Loss.cu:102: operator(): block: [3,0,0], thread: [4,0,0] Assertion `input_val >= zero && input_val <= one` failed.
/pytorch/aten/src/ATen/native/cuda/Loss.cu:102: operator(): block: [3,0,0], thread: [5,0,0] Assertion `input_val >= zero && input_val <= one` failed.
/pytorch/aten/src/ATen/native/cuda/Loss.cu:102: operator(): block: [3,0,0], thread: [6,0,0] Assertion `input_val >= zero && input_val <= one` failed.
/pytorch/aten/src/ATen/native/cuda/Loss.cu:102: operator(): block: [3,0,0], thread: [7,0,0] Assertion `input_val >= zero && input_val <= one` failed.
/pytorch/aten/src/ATen/native/cuda/Loss.cu:102: operator(): block: [3,0,0], thread: [8,0,0] Assertion `input_val >= zero && input_val <= one` failed.
/pytorch/aten/src/ATen/native/cuda/Loss.cu:102: operator(): block: [3,0,0], thread: [9,0,0] Assertion `input_val >= zero && input_val <= one` failed.
/pytorch/aten/src/ATen/native/cuda/Loss.cu:102: operator(): block: [3,0,0], thread: [10,0,0] Assertion `input_val >= zero && input_val <= one` failed.
/pytorch/aten/src/ATen/native/cuda/Loss.cu:102: operator(): block: [3,0,0], thread: [11,0,0] Assertion `input_val >= zero && input_val <= one` failed.
/pytorch/aten/src/ATen/native/cuda/Loss.cu:102: operator(): block: [3,0,0], thread: [12,0,0] Assertion `input_val >= zero && input_val <= one` failed.
/pytorch/aten/src/ATen/native/cuda/Loss.cu:102: operator(): block: [3,0,0], thread: [13,0,0] Assertion `input_val >= zero && input_val <= one` failed.
/pytorch/aten/src/ATen/native/cuda/Loss.cu:102: operator(): block: [3,0,0], thread: [14,0,0] Assertion `input_val >= zero && input_val <= one` failed.
/pytorch/aten/src/ATen/native/cuda/Loss.cu:102: operator(): block: [3,0,0], thread: [15,0,0] Assertion `input_val >= zero && input_val <= one` failed.
/pytorch/aten/src/ATen/native/cuda/Loss.cu:102: operator(): block: [3,0,0], thread: [16,0,0] Assertion `input_val >= zero && input_val <= one` failed.
/pytorch/aten/src/ATen/native/cuda/Loss.cu:102: operator(): block: [3,0,0], thread: [17,0,0] Assertion `input_val >= zero && input_val <= one` failed.
/pytorch/aten/src/ATen/native/cuda/Loss.cu:102: operator(): block: [3,0,0], thread: [18,0,0] Assertion `input_val >= zero && input_val <= one` failed.
/pytorch/aten/src/ATen/native/cuda/Loss.cu:102: operator(): block: [3,0,0], thread: [19,0,0] Assertion `input_val >= zero && input_val <= one` failed.
/pytorch/aten/src/ATen/native/cuda/Loss.cu:102: operator(): block: [3,0,0], thread: [20,0,0] Assertion `input_val >= zero && input_val <= one` failed.
/pytorch/aten/src/ATen/native/cuda/Loss.cu:102: operator(): block: [3,0,0], thread: [21,0,0] Assertion `input_val >= zero && input_val <= one` failed.
/pytorch/aten/src/ATen/native/cuda/Loss.cu:102: operator(): block: [3,0,0], thread: [22,0,0] Assertion `input_val >= zero && input_val <= one` failed.
/pytorch/aten/src/ATen/native/cuda/Loss.cu:102: operator(): block: [3,0,0], thread: [23,0,0] Assertion `input_val >= zero && input_val <= one` failed.
/pytorch/aten/src/ATen/native/cuda/Loss.cu:102: operator(): block: [3,0,0], thread: [24,0,0] Assertion `input_val >= zero && input_val <= one` failed.
/pytorch/aten/src/ATen/native/cuda/Loss.cu:102: operator(): block: [3,0,0], thread: [25,0,0] Assertion `input_val >= zero && input_val <= one` failed.
/pytorch/aten/src/ATen/native/cuda/Loss.cu:102: operator(): block: [3,0,0], thread: [26,0,0] Assertion `input_val >= zero && input_val <= one` failed.
/pytorch/aten/src/ATen/native/cuda/Loss.cu:102: operator(): block: [3,0,0], thread: [27,0,0] Assertion `input_val >= zero && input_val <= one` failed.
/pytorch/aten/src/ATen/native/cuda/Loss.cu:102: operator(): block: [3,0,0], thread: [28,0,0] Assertion `input_val >= zero && input_val <= one` failed.
/pytorch/aten/src/ATen/native/cuda/Loss.cu:102: operator(): block: [3,0,0], thread: [29,0,0] Assertion `input_val >= zero && input_val <= one` failed.
/pytorch/aten/src/ATen/native/cuda/Loss.cu:102: operator(): block: [3,0,0], thread: [30,0,0] Assertion `input_val >= zero && input_val <= one` failed.
/pytorch/aten/src/ATen/native/cuda/Loss.cu:102: operator(): block: [3,0,0], thread: [31,0,0] Assertion `input_val >= zero && input_val <= one` failed.
/pytorch/aten/src/ATen/native/cuda/Loss.cu:102: operator(): block: [3,0,0], thread: [32,0,0] Assertion `input_val >= zero && input_val <= one` failed.
/pytorch/aten/src/ATen/native/cuda/Loss.cu:102: operator(): block: [3,0,0], thread: [33,0,0] Assertion `input_val >= zero && input_val <= one` failed.
/pytorch/aten/src/ATen/native/cuda/Loss.cu:102: operator(): block: [3,0,0], thread: [34,0,0] Assertion `input_val >= zero && input_val <= one` failed.
/pytorch/aten/src/ATen/native/cuda/Loss.cu:102: operator(): block: [3,0,0], thread: [35,0,0] Assertion `input_val >= zero && input_val <= one` failed.
/pytorch/aten/src/ATen/native/cuda/Loss.cu:102: operator(): block: [3,0,0], thread: [36,0,0] Assertion `input_val >= zero && input_val <= one` failed.
/pytorch/aten/src/ATen/native/cuda/Loss.cu:102: operator(): block: [3,0,0], thread: [37,0,0] Assertion `input_val >= zero && input_val <= one` failed.
/pytorch/aten/src/ATen/native/cuda/Loss.cu:102: operator(): block: [3,0,0], thread: [38,0,0] Assertion `input_val >= zero && input_val <= one` failed.
/pytorch/aten/src/ATen/native/cuda/Loss.cu:102: operator(): block: [3,0,0], thread: [39,0,0] Assertion `input_val >= zero && input_val <= one` failed.
/pytorch/aten/src/ATen/native/cuda/Loss.cu:102: operator(): block: [3,0,0], thread: [40,0,0] Assertion `input_val >= zero && input_val <= one` failed.
/pytorch/aten/src/ATen/native/cuda/Loss.cu:102: operator(): block: [3,0,0], thread: [41,0,0] Assertion `input_val >= zero && input_val <= one` failed.
/pytorch/aten/src/ATen/native/cuda/Loss.cu:102: operator(): block: [3,0,0], thread: [42,0,0] Assertion `input_val >= zero && input_val <= one` failed.
/pytorch/aten/src/ATen/native/cuda/Loss.cu:102: operator(): block: [3,0,0], thread: [43,0,0] Assertion `input_val >= zero && input_val <= one` failed.
/pytorch/aten/src/ATen/native/cuda/Loss.cu:102: operator(): block: [3,0,0], thread: [44,0,0] Assertion `input_val >= zero && input_val <= one` failed.
/pytorch/aten/src/ATen/native/cuda/Loss.cu:102: operator(): block: [3,0,0], thread: [45,0,0] Assertion `input_val >= zero && input_val <= one` failed.
/pytorch/aten/src/ATen/native/cuda/Loss.cu:102: operator(): block: [3,0,0], thread: [46,0,0] Assertion `input_val >= zero && input_val <= one` failed.
/pytorch/aten/src/ATen/native/cuda/Loss.cu:102: operator(): block: [3,0,0], thread: [47,0,0] Assertion `input_val >= zero && input_val <= one` failed.
/pytorch/aten/src/ATen/native/cuda/Loss.cu:102: operator(): block: [3,0,0], thread: [48,0,0] Assertion `input_val >= zero && input_val <= one` failed.
/pytorch/aten/src/ATen/native/cuda/Loss.cu:102: operator(): block: [3,0,0], thread: [49,0,0] Assertion `input_val >= zero && input_val <= one` failed.
/pytorch/aten/src/ATen/native/cuda/Loss.cu:102: operator(): block: [3,0,0], thread: [50,0,0] Assertion `input_val >= zero && input_val <= one` failed.
/pytorch/aten/src/ATen/native/cuda/Loss.cu:102: operator(): block: [3,0,0], thread: [51,0,0] Assertion `input_val >= zero && input_val <= one` failed.
/pytorch/aten/src/ATen/native/cuda/Loss.cu:102: operator(): block: [3,0,0], thread: [52,0,0] Assertion `input_val >= zero && input_val <= one` failed.
/pytorch/aten/src/ATen/native/cuda/Loss.cu:102: operator(): block: [3,0,0], thread: [53,0,0] Assertion `input_val >= zero && input_val <= one` failed.
/pytorch/aten/src/ATen/native/cuda/Loss.cu:102: operator(): block: [3,0,0], thread: [54,0,0] Assertion `input_val >= zero && input_val <= one` failed.
/pytorch/aten/src/ATen/native/cuda/Loss.cu:102: operator(): block: [3,0,0], thread: [55,0,0] Assertion `input_val >= zero && input_val <= one` failed.
/pytorch/aten/src/ATen/native/cuda/Loss.cu:102: operator(): block: [3,0,0], thread: [56,0,0] Assertion `input_val >= zero && input_val <= one` failed.
/pytorch/aten/src/ATen/native/cuda/Loss.cu:102: operator(): block: [3,0,0], thread: [57,0,0] Assertion `input_val >= zero && input_val <= one` failed.
/pytorch/aten/src/ATen/native/cuda/Loss.cu:102: operator(): block: [3,0,0], thread: [58,0,0] Assertion `input_val >= zero && input_val <= one` failed.
/pytorch/aten/src/ATen/native/cuda/Loss.cu:102: operator(): block: [3,0,0], thread: [59,0,0] Assertion `input_val >= zero && input_val <= one` failed.
/pytorch/aten/src/ATen/native/cuda/Loss.cu:102: operator(): block: [3,0,0], thread: [60,0,0] Assertion `input_val >= zero && input_val <= one` failed.
/pytorch/aten/src/ATen/native/cuda/Loss.cu:102: operator(): block: [3,0,0], thread: [61,0,0] Assertion `input_val >= zero && input_val <= one` failed.
/pytorch/aten/src/ATen/native/cuda/Loss.cu:102: operator(): block: [3,0,0], thread: [62,0,0] Assertion `input_val >= zero && input_val <= one` failed.
/pytorch/aten/src/ATen/native/cuda/Loss.cu:102: operator(): block: [3,0,0], thread: [63,0,0] Assertion `input_val >= zero && input_val <= one` failed.
/pytorch/aten/src/ATen/native/cuda/Loss.cu:102: operator(): block: [5,0,0], thread: [32,0,0] Assertion `input_val >= zero && input_val <= one` failed.
/pytorch/aten/src/ATen/native/cuda/Loss.cu:102: operator(): block: [5,0,0], thread: [33,0,0] Assertion `input_val >= zero && input_val <= one` failed.
/pytorch/aten/src/ATen/native/cuda/Loss.cu:102: operator(): block: [5,0,0], thread: [34,0,0] Assertion `input_val >= zero && input_val <= one` failed.
/pytorch/aten/src/ATen/native/cuda/Loss.cu:102: operator(): block: [5,0,0], thread: [35,0,0] Assertion `input_val >= zero && input_val <= one` failed.
/pytorch/aten/src/ATen/native/cuda/Loss.cu:102: operator(): block: [5,0,0], thread: [36,0,0] Assertion `input_val >= zero && input_val <= one` failed.
/pytorch/aten/src/ATen/native/cuda/Loss.cu:102: operator(): block: [5,0,0], thread: [37,0,0] Assertion `input_val >= zero && input_val <= one` failed.
/pytorch/aten/src/ATen/native/cuda/Loss.cu:102: operator(): block: [5,0,0], thread: [38,0,0] Assertion `input_val >= zero && input_val <= one` failed.
/pytorch/aten/src/ATen/native/cuda/Loss.cu:102: operator(): block: [5,0,0], thread: [39,0,0] Assertion `input_val >= zero && input_val <= one` failed.
/pytorch/aten/src/ATen/native/cuda/Loss.cu:102: operator(): block: [5,0,0], thread: [40,0,0] Assertion `input_val >= zero && input_val <= one` failed.
/pytorch/aten/src/ATen/native/cuda/Loss.cu:102: operator(): block: [5,0,0], thread: [41,0,0] Assertion `input_val >= zero && input_val <= one` failed.
/pytorch/aten/src/ATen/native/cuda/Loss.cu:102: operator(): block: [5,0,0], thread: [42,0,0] Assertion `input_val >= zero && input_val <= one` failed.
/pytorch/aten/src/ATen/native/cuda/Loss.cu:102: operator(): block: [5,0,0], thread: [43,0,0] Assertion `input_val >= zero && input_val <= one` failed.
/pytorch/aten/src/ATen/native/cuda/Loss.cu:102: operator(): block: [5,0,0], thread: [44,0,0] Assertion `input_val >= zero && input_val <= one` failed.
/pytorch/aten/src/ATen/native/cuda/Loss.cu:102: operator(): block: [5,0,0], thread: [45,0,0] Assertion `input_val >= zero && input_val <= one` failed.
/pytorch/aten/src/ATen/native/cuda/Loss.cu:102: operator(): block: [5,0,0], thread: [46,0,0] Assertion `input_val >= zero && input_val <= one` failed.
/pytorch/aten/src/ATen/native/cuda/Loss.cu:102: operator(): block: [5,0,0], thread: [47,0,0] Assertion `input_val >= zero && input_val <= one` failed.
/pytorch/aten/src/ATen/native/cuda/Loss.cu:102: operator(): block: [5,0,0], thread: [48,0,0] Assertion `input_val >= zero && input_val <= one` failed.
/pytorch/aten/src/ATen/native/cuda/Loss.cu:102: operator(): block: [5,0,0], thread: [49,0,0] Assertion `input_val >= zero && input_val <= one` failed.
/pytorch/aten/src/ATen/native/cuda/Loss.cu:102: operator(): block: [5,0,0], thread: [50,0,0] Assertion `input_val >= zero && input_val <= one` failed.
/pytorch/aten/src/ATen/native/cuda/Loss.cu:102: operator(): block: [5,0,0], thread: [51,0,0] Assertion `input_val >= zero && input_val <= one` failed.
/pytorch/aten/src/ATen/native/cuda/Loss.cu:102: operator(): block: [5,0,0], thread: [52,0,0] Assertion `input_val >= zero && input_val <= one` failed.
/pytorch/aten/src/ATen/native/cuda/Loss.cu:102: operator(): block: [5,0,0], thread: [53,0,0] Assertion `input_val >= zero && input_val <= one` failed.
/pytorch/aten/src/ATen/native/cuda/Loss.cu:102: operator(): block: [5,0,0], thread: [54,0,0] Assertion `input_val >= zero && input_val <= one` failed.
/pytorch/aten/src/ATen/native/cuda/Loss.cu:102: operator(): block: [5,0,0], thread: [55,0,0] Assertion `input_val >= zero && input_val <= one` failed.
/pytorch/aten/src/ATen/native/cuda/Loss.cu:102: operator(): block: [5,0,0], thread: [56,0,0] Assertion `input_val >= zero && input_val <= one` failed.
/pytorch/aten/src/ATen/native/cuda/Loss.cu:102: operator(): block: [5,0,0], thread: [57,0,0] Assertion `input_val >= zero && input_val <= one` failed.
/pytorch/aten/src/ATen/native/cuda/Loss.cu:102: operator(): block: [5,0,0], thread: [58,0,0] Assertion `input_val >= zero && input_val <= one` failed.
/pytorch/aten/src/ATen/native/cuda/Loss.cu:102: operator(): block: [5,0,0], thread: [59,0,0] Assertion `input_val >= zero && input_val <= one` failed.
/pytorch/aten/src/ATen/native/cuda/Loss.cu:102: operator(): block: [5,0,0], thread: [60,0,0] Assertion `input_val >= zero && input_val <= one` failed.
/pytorch/aten/src/ATen/native/cuda/Loss.cu:102: operator(): block: [5,0,0], thread: [61,0,0] Assertion `input_val >= zero && input_val <= one` failed.
/pytorch/aten/src/ATen/native/cuda/Loss.cu:102: operator(): block: [5,0,0], thread: [62,0,0] Assertion `input_val >= zero && input_val <= one` failed.
/pytorch/aten/src/ATen/native/cuda/Loss.cu:102: operator(): block: [5,0,0], thread: [63,0,0] Assertion `input_val >= zero && input_val <= one` failed.
/pytorch/aten/src/ATen/native/cuda/Loss.cu:102: operator(): block: [5,0,0], thread: [0,0,0] Assertion `input_val >= zero && input_val <= one` failed.
/pytorch/aten/src/ATen/native/cuda/Loss.cu:102: operator(): block: [5,0,0], thread: [1,0,0] Assertion `input_val >= zero && input_val <= one` failed.
/pytorch/aten/src/ATen/native/cuda/Loss.cu:102: operator(): block: [5,0,0], thread: [2,0,0] Assertion `input_val >= zero && input_val <= one` failed.
/pytorch/aten/src/ATen/native/cuda/Loss.cu:102: operator(): block: [5,0,0], thread: [3,0,0] Assertion `input_val >= zero && input_val <= one` failed.
/pytorch/aten/src/ATen/native/cuda/Loss.cu:102: operator(): block: [5,0,0], thread: [4,0,0] Assertion `input_val >= zero && input_val <= one` failed.
/pytorch/aten/src/ATen/native/cuda/Loss.cu:102: operator(): block: [5,0,0], thread: [5,0,0] Assertion `input_val >= zero && input_val <= one` failed.
/pytorch/aten/src/ATen/native/cuda/Loss.cu:102: operator(): block: [5,0,0], thread: [6,0,0] Assertion `input_val >= zero && input_val <= one` failed.
/pytorch/aten/src/ATen/native/cuda/Loss.cu:102: operator(): block: [5,0,0], thread: [7,0,0] Assertion `input_val >= zero && input_val <= one` failed.
/pytorch/aten/src/ATen/native/cuda/Loss.cu:102: operator(): block: [5,0,0], thread: [8,0,0] Assertion `input_val >= zero && input_val <= one` failed.
/pytorch/aten/src/ATen/native/cuda/Loss.cu:102: operator(): block: [5,0,0], thread: [9,0,0] Assertion `input_val >= zero && input_val <= one` failed.
/pytorch/aten/src/ATen/native/cuda/Loss.cu:102: operator(): block: [5,0,0], thread: [10,0,0] Assertion `input_val >= zero && input_val <= one` failed.
/pytorch/aten/src/ATen/native/cuda/Loss.cu:102: operator(): block: [5,0,0], thread: [11,0,0] Assertion `input_val >= zero && input_val <= one` failed.
/pytorch/aten/src/ATen/native/cuda/Loss.cu:102: operator(): block: [5,0,0], thread: [12,0,0] Assertion `input_val >= zero && input_val <= one` failed.
/pytorch/aten/src/ATen/native/cuda/Loss.cu:102: operator(): block: [5,0,0], thread: [13,0,0] Assertion `input_val >= zero && input_val <= one` failed.
/pytorch/aten/src/ATen/native/cuda/Loss.cu:102: operator(): block: [5,0,0], thread: [14,0,0] Assertion `input_val >= zero && input_val <= one` failed.
/pytorch/aten/src/ATen/native/cuda/Loss.cu:102: operator(): block: [5,0,0], thread: [15,0,0] Assertion `input_val >= zero && input_val <= one` failed.
/pytorch/aten/src/ATen/native/cuda/Loss.cu:102: operator(): block: [5,0,0], thread: [16,0,0] Assertion `input_val >= zero && input_val <= one` failed.
/pytorch/aten/src/ATen/native/cuda/Loss.cu:102: operator(): block: [5,0,0], thread: [17,0,0] Assertion `input_val >= zero && input_val <= one` failed.
/pytorch/aten/src/ATen/native/cuda/Loss.cu:102: operator(): block: [5,0,0], thread: [18,0,0] Assertion `input_val >= zero && input_val <= one` failed.
/pytorch/aten/src/ATen/native/cuda/Loss.cu:102: operator(): block: [5,0,0], thread: [19,0,0] Assertion `input_val >= zero && input_val <= one` failed.
/pytorch/aten/src/ATen/native/cuda/Loss.cu:102: operator(): block: [5,0,0], thread: [20,0,0] Assertion `input_val >= zero && input_val <= one` failed.
/pytorch/aten/src/ATen/native/cuda/Loss.cu:102: operator(): block: [5,0,0], thread: [21,0,0] Assertion `input_val >= zero && input_val <= one` failed.
/pytorch/aten/src/ATen/native/cuda/Loss.cu:102: operator(): block: [5,0,0], thread: [22,0,0] Assertion `input_val >= zero && input_val <= one` failed.
/pytorch/aten/src/ATen/native/cuda/Loss.cu:102: operator(): block: [5,0,0], thread: [23,0,0] Assertion `input_val >= zero && input_val <= one` failed.
/pytorch/aten/src/ATen/native/cuda/Loss.cu:102: operator(): block: [5,0,0], thread: [24,0,0] Assertion `input_val >= zero && input_val <= one` failed.
/pytorch/aten/src/ATen/native/cuda/Loss.cu:102: operator(): block: [5,0,0], thread: [25,0,0] Assertion `input_val >= zero && input_val <= one` failed.
/pytorch/aten/src/ATen/native/cuda/Loss.cu:102: operator(): block: [5,0,0], thread: [26,0,0] Assertion `input_val >= zero && input_val <= one` failed.
/pytorch/aten/src/ATen/native/cuda/Loss.cu:102: operator(): block: [5,0,0], thread: [27,0,0] Assertion `input_val >= zero && input_val <= one` failed.
/pytorch/aten/src/ATen/native/cuda/Loss.cu:102: operator(): block: [5,0,0], thread: [28,0,0] Assertion `input_val >= zero && input_val <= one` failed.
/pytorch/aten/src/ATen/native/cuda/Loss.cu:102: operator(): block: [5,0,0], thread: [29,0,0] Assertion `input_val >= zero && input_val <= one` failed.
/pytorch/aten/src/ATen/native/cuda/Loss.cu:102: operator(): block: [5,0,0], thread: [30,0,0] Assertion `input_val >= zero && input_val <= one` failed.
/pytorch/aten/src/ATen/native/cuda/Loss.cu:102: operator(): block: [5,0,0], thread: [31,0,0] Assertion `input_val >= zero && input_val <= one` failed.
/pytorch/aten/src/ATen/native/cuda/Loss.cu:102: operator(): block: [4,0,0], thread: [0,0,0] Assertion `input_val >= zero && input_val <= one` failed.
/pytorch/aten/src/ATen/native/cuda/Loss.cu:102: operator(): block: [4,0,0], thread: [1,0,0] Assertion `input_val >= zero && input_val <= one` failed.
/pytorch/aten/src/ATen/native/cuda/Loss.cu:102: operator(): block: [4,0,0], thread: [2,0,0] Assertion `input_val >= zero && input_val <= one` failed.
/pytorch/aten/src/ATen/native/cuda/Loss.cu:102: operator(): block: [4,0,0], thread: [3,0,0] Assertion `input_val >= zero && input_val <= one` failed.
/pytorch/aten/src/ATen/native/cuda/Loss.cu:102: operator(): block: [4,0,0], thread: [4,0,0] Assertion `input_val >= zero && input_val <= one` failed.
/pytorch/aten/src/ATen/native/cuda/Loss.cu:102: operator(): block: [4,0,0], thread: [5,0,0] Assertion `input_val >= zero && input_val <= one` failed.
/pytorch/aten/src/ATen/native/cuda/Loss.cu:102: operator(): block: [4,0,0], thread: [6,0,0] Assertion `input_val >= zero && input_val <= one` failed.
/pytorch/aten/src/ATen/native/cuda/Loss.cu:102: operator(): block: [4,0,0], thread: [7,0,0] Assertion `input_val >= zero && input_val <= one` failed.
/pytorch/aten/src/ATen/native/cuda/Loss.cu:102: operator(): block: [4,0,0], thread: [8,0,0] Assertion `input_val >= zero && input_val <= one` failed.
/pytorch/aten/src/ATen/native/cuda/Loss.cu:102: operator(): block: [4,0,0], thread: [9,0,0] Assertion `input_val >= zero && input_val <= one` failed.
/pytorch/aten/src/ATen/native/cuda/Loss.cu:102: operator(): block: [4,0,0], thread: [10,0,0] Assertion `input_val >= zero && input_val <= one` failed.
/pytorch/aten/src/ATen/native/cuda/Loss.cu:102: operator(): block: [4,0,0], thread: [11,0,0] Assertion `input_val >= zero && input_val <= one` failed.
/pytorch/aten/src/ATen/native/cuda/Loss.cu:102: operator(): block: [4,0,0], thread: [12,0,0] Assertion `input_val >= zero && input_val <= one` failed.
/pytorch/aten/src/ATen/native/cuda/Loss.cu:102: operator(): block: [4,0,0], thread: [13,0,0] Assertion `input_val >= zero && input_val <= one` failed.
/pytorch/aten/src/ATen/native/cuda/Loss.cu:102: operator(): block: [4,0,0], thread: [14,0,0] Assertion `input_val >= zero && input_val <= one` failed.
/pytorch/aten/src/ATen/native/cuda/Loss.cu:102: operator(): block: [4,0,0], thread: [15,0,0] Assertion `input_val >= zero && input_val <= one` failed.
/pytorch/aten/src/ATen/native/cuda/Loss.cu:102: operator(): block: [4,0,0], thread: [16,0,0] Assertion `input_val >= zero && input_val <= one` failed.
/pytorch/aten/src/ATen/native/cuda/Loss.cu:102: operator(): block: [4,0,0], thread: [17,0,0] Assertion `input_val >= zero && input_val <= one` failed.
/pytorch/aten/src/ATen/native/cuda/Loss.cu:102: operator(): block: [4,0,0], thread: [18,0,0] Assertion `input_val >= zero && input_val <= one` failed.
/pytorch/aten/src/ATen/native/cuda/Loss.cu:102: operator(): block: [4,0,0], thread: [19,0,0] Assertion `input_val >= zero && input_val <= one` failed.
/pytorch/aten/src/ATen/native/cuda/Loss.cu:102: operator(): block: [4,0,0], thread: [20,0,0] Assertion `input_val >= zero && input_val <= one` failed.
/pytorch/aten/src/ATen/native/cuda/Loss.cu:102: operator(): block: [4,0,0], thread: [21,0,0] Assertion `input_val >= zero && input_val <= one` failed.
/pytorch/aten/src/ATen/native/cuda/Loss.cu:102: operator(): block: [4,0,0], thread: [22,0,0] Assertion `input_val >= zero && input_val <= one` failed.
/pytorch/aten/src/ATen/native/cuda/Loss.cu:102: operator(): block: [4,0,0], thread: [23,0,0] Assertion `input_val >= zero && input_val <= one` failed.
/pytorch/aten/src/ATen/native/cuda/Loss.cu:102: operator(): block: [4,0,0], thread: [24,0,0] Assertion `input_val >= zero && input_val <= one` failed.
/pytorch/aten/src/ATen/native/cuda/Loss.cu:102: operator(): block: [4,0,0], thread: [25,0,0] Assertion `input_val >= zero && input_val <= one` failed.
/pytorch/aten/src/ATen/native/cuda/Loss.cu:102: operator(): block: [4,0,0], thread: [26,0,0] Assertion `input_val >= zero && input_val <= one` failed.
/pytorch/aten/src/ATen/native/cuda/Loss.cu:102: operator(): block: [4,0,0], thread: [27,0,0] Assertion `input_val >= zero && input_val <= one` failed.
/pytorch/aten/src/ATen/native/cuda/Loss.cu:102: operator(): block: [4,0,0], thread: [28,0,0] Assertion `input_val >= zero && input_val <= one` failed.
/pytorch/aten/src/ATen/native/cuda/Loss.cu:102: operator(): block: [4,0,0], thread: [29,0,0] Assertion `input_val >= zero && input_val <= one` failed.
/pytorch/aten/src/ATen/native/cuda/Loss.cu:102: operator(): block: [4,0,0], thread: [30,0,0] Assertion `input_val >= zero && input_val <= one` failed.
/pytorch/aten/src/ATen/native/cuda/Loss.cu:102: operator(): block: [4,0,0], thread: [31,0,0] Assertion `input_val >= zero && input_val <= one` failed.
/pytorch/aten/src/ATen/native/cuda/Loss.cu:102: operator(): block: [4,0,0], thread: [32,0,0] Assertion `input_val >= zero && input_val <= one` failed.
/pytorch/aten/src/ATen/native/cuda/Loss.cu:102: operator(): block: [4,0,0], thread: [33,0,0] Assertion `input_val >= zero && input_val <= one` failed.
/pytorch/aten/src/ATen/native/cuda/Loss.cu:102: operator(): block: [4,0,0], thread: [34,0,0] Assertion `input_val >= zero && input_val <= one` failed.
/pytorch/aten/src/ATen/native/cuda/Loss.cu:102: operator(): block: [4,0,0], thread: [35,0,0] Assertion `input_val >= zero && input_val <= one` failed.
/pytorch/aten/src/ATen/native/cuda/Loss.cu:102: operator(): block: [4,0,0], thread: [36,0,0] Assertion `input_val >= zero && input_val <= one` failed.
/pytorch/aten/src/ATen/native/cuda/Loss.cu:102: operator(): block: [4,0,0], thread: [37,0,0] Assertion `input_val >= zero && input_val <= one` failed.
/pytorch/aten/src/ATen/native/cuda/Loss.cu:102: operator(): block: [4,0,0], thread: [38,0,0] Assertion `input_val >= zero && input_val <= one` failed.
/pytorch/aten/src/ATen/native/cuda/Loss.cu:102: operator(): block: [4,0,0], thread: [39,0,0] Assertion `input_val >= zero && input_val <= one` failed.
/pytorch/aten/src/ATen/native/cuda/Loss.cu:102: operator(): block: [4,0,0], thread: [40,0,0] Assertion `input_val >= zero && input_val <= one` failed.
/pytorch/aten/src/ATen/native/cuda/Loss.cu:102: operator(): block: [4,0,0], thread: [41,0,0] Assertion `input_val >= zero && input_val <= one` failed.
/pytorch/aten/src/ATen/native/cuda/Loss.cu:102: operator(): block: [4,0,0], thread: [42,0,0] Assertion `input_val >= zero && input_val <= one` failed.
/pytorch/aten/src/ATen/native/cuda/Loss.cu:102: operator(): block: [4,0,0], thread: [43,0,0] Assertion `input_val >= zero && input_val <= one` failed.
/pytorch/aten/src/ATen/native/cuda/Loss.cu:102: operator(): block: [4,0,0], thread: [44,0,0] Assertion `input_val >= zero && input_val <= one` failed.
/pytorch/aten/src/ATen/native/cuda/Loss.cu:102: operator(): block: [4,0,0], thread: [45,0,0] Assertion `input_val >= zero && input_val <= one` failed.
/pytorch/aten/src/ATen/native/cuda/Loss.cu:102: operator(): block: [4,0,0], thread: [46,0,0] Assertion `input_val >= zero && input_val <= one` failed.
/pytorch/aten/src/ATen/native/cuda/Loss.cu:102: operator(): block: [4,0,0], thread: [47,0,0] Assertion `input_val >= zero && input_val <= one` failed.
/pytorch/aten/src/ATen/native/cuda/Loss.cu:102: operator(): block: [4,0,0], thread: [48,0,0] Assertion `input_val >= zero && input_val <= one` failed.
/pytorch/aten/src/ATen/native/cuda/Loss.cu:102: operator(): block: [4,0,0], thread: [49,0,0] Assertion `input_val >= zero && input_val <= one` failed.
/pytorch/aten/src/ATen/native/cuda/Loss.cu:102: operator(): block: [4,0,0], thread: [50,0,0] Assertion `input_val >= zero && input_val <= one` failed.
/pytorch/aten/src/ATen/native/cuda/Loss.cu:102: operator(): block: [4,0,0], thread: [51,0,0] Assertion `input_val >= zero && input_val <= one` failed.
/pytorch/aten/src/ATen/native/cuda/Loss.cu:102: operator(): block: [4,0,0], thread: [52,0,0] Assertion `input_val >= zero && input_val <= one` failed.
/pytorch/aten/src/ATen/native/cuda/Loss.cu:102: operator(): block: [4,0,0], thread: [53,0,0] Assertion `input_val >= zero && input_val <= one` failed.
/pytorch/aten/src/ATen/native/cuda/Loss.cu:102: operator(): block: [4,0,0], thread: [54,0,0] Assertion `input_val >= zero && input_val <= one` failed.
/pytorch/aten/src/ATen/native/cuda/Loss.cu:102: operator(): block: [4,0,0], thread: [55,0,0] Assertion `input_val >= zero && input_val <= one` failed.
/pytorch/aten/src/ATen/native/cuda/Loss.cu:102: operator(): block: [4,0,0], thread: [56,0,0] Assertion `input_val >= zero && input_val <= one` failed.
/pytorch/aten/src/ATen/native/cuda/Loss.cu:102: operator(): block: [4,0,0], thread: [57,0,0] Assertion `input_val >= zero && input_val <= one` failed.
/pytorch/aten/src/ATen/native/cuda/Loss.cu:102: operator(): block: [4,0,0], thread: [58,0,0] Assertion `input_val >= zero && input_val <= one` failed.
/pytorch/aten/src/ATen/native/cuda/Loss.cu:102: operator(): block: [4,0,0], thread: [59,0,0] Assertion `input_val >= zero && input_val <= one` failed.
/pytorch/aten/src/ATen/native/cuda/Loss.cu:102: operator(): block: [4,0,0], thread: [60,0,0] Assertion `input_val >= zero && input_val <= one` failed.
/pytorch/aten/src/ATen/native/cuda/Loss.cu:102: operator(): block: [4,0,0], thread: [61,0,0] Assertion `input_val >= zero && input_val <= one` failed.
/pytorch/aten/src/ATen/native/cuda/Loss.cu:102: operator(): block: [4,0,0], thread: [62,0,0] Assertion `input_val >= zero && input_val <= one` failed.
/pytorch/aten/src/ATen/native/cuda/Loss.cu:102: operator(): block: [4,0,0], thread: [63,0,0] Assertion `input_val >= zero && input_val <= one` failed.
/pytorch/aten/src/ATen/native/cuda/Loss.cu:102: operator(): block: [6,0,0], thread: [32,0,0] Assertion `input_val >= zero && input_val <= one` failed.
/pytorch/aten/src/ATen/native/cuda/Loss.cu:102: operator(): block: [6,0,0], thread: [33,0,0] Assertion `input_val >= zero && input_val <= one` failed.
/pytorch/aten/src/ATen/native/cuda/Loss.cu:102: operator(): block: [6,0,0], thread: [34,0,0] Assertion `input_val >= zero && input_val <= one` failed.
/pytorch/aten/src/ATen/native/cuda/Loss.cu:102: operator(): block: [6,0,0], thread: [35,0,0] Assertion `input_val >= zero && input_val <= one` failed.
/pytorch/aten/src/ATen/native/cuda/Loss.cu:102: operator(): block: [6,0,0], thread: [36,0,0] Assertion `input_val >= zero && input_val <= one` failed.
/pytorch/aten/src/ATen/native/cuda/Loss.cu:102: operator(): block: [6,0,0], thread: [37,0,0] Assertion `input_val >= zero && input_val <= one` failed.
/pytorch/aten/src/ATen/native/cuda/Loss.cu:102: operator(): block: [6,0,0], thread: [38,0,0] Assertion `input_val >= zero && input_val <= one` failed.
/pytorch/aten/src/ATen/native/cuda/Loss.cu:102: operator(): block: [6,0,0], thread: [39,0,0] Assertion `input_val >= zero && input_val <= one` failed.
/pytorch/aten/src/ATen/native/cuda/Loss.cu:102: operator(): block: [6,0,0], thread: [40,0,0] Assertion `input_val >= zero && input_val <= one` failed.
/pytorch/aten/src/ATen/native/cuda/Loss.cu:102: operator(): block: [6,0,0], thread: [41,0,0] Assertion `input_val >= zero && input_val <= one` failed.
/pytorch/aten/src/ATen/native/cuda/Loss.cu:102: operator(): block: [6,0,0], thread: [42,0,0] Assertion `input_val >= zero && input_val <= one` failed.
/pytorch/aten/src/ATen/native/cuda/Loss.cu:102: operator(): block: [6,0,0], thread: [43,0,0] Assertion `input_val >= zero && input_val <= one` failed.
/pytorch/aten/src/ATen/native/cuda/Loss.cu:102: operator(): block: [6,0,0], thread: [44,0,0] Assertion `input_val >= zero && input_val <= one` failed.
/pytorch/aten/src/ATen/native/cuda/Loss.cu:102: operator(): block: [6,0,0], thread: [45,0,0] Assertion `input_val >= zero && input_val <= one` failed.
/pytorch/aten/src/ATen/native/cuda/Loss.cu:102: operator(): block: [6,0,0], thread: [46,0,0] Assertion `input_val >= zero && input_val <= one` failed.
/pytorch/aten/src/ATen/native/cuda/Loss.cu:102: operator(): block: [6,0,0], thread: [47,0,0] Assertion `input_val >= zero && input_val <= one` failed.
/pytorch/aten/src/ATen/native/cuda/Loss.cu:102: operator(): block: [6,0,0], thread: [48,0,0] Assertion `input_val >= zero && input_val <= one` failed.
/pytorch/aten/src/ATen/native/cuda/Loss.cu:102: operator(): block: [6,0,0], thread: [49,0,0] Assertion `input_val >= zero && input_val <= one` failed.
/pytorch/aten/src/ATen/native/cuda/Loss.cu:102: operator(): block: [6,0,0], thread: [50,0,0] Assertion `input_val >= zero && input_val <= one` failed.
/pytorch/aten/src/ATen/native/cuda/Loss.cu:102: operator(): block: [6,0,0], thread: [51,0,0] Assertion `input_val >= zero && input_val <= one` failed.
/pytorch/aten/src/ATen/native/cuda/Loss.cu:102: operator(): block: [6,0,0], thread: [52,0,0] Assertion `input_val >= zero && input_val <= one` failed.
/pytorch/aten/src/ATen/native/cuda/Loss.cu:102: operator(): block: [6,0,0], thread: [53,0,0] Assertion `input_val >= zero && input_val <= one` failed.
/pytorch/aten/src/ATen/native/cuda/Loss.cu:102: operator(): block: [6,0,0], thread: [54,0,0] Assertion `input_val >= zero && input_val <= one` failed.
/pytorch/aten/src/ATen/native/cuda/Loss.cu:102: operator(): block: [6,0,0], thread: [55,0,0] Assertion `input_val >= zero && input_val <= one` failed.
/pytorch/aten/src/ATen/native/cuda/Loss.cu:102: operator(): block: [6,0,0], thread: [56,0,0] Assertion `input_val >= zero && input_val <= one` failed.
/pytorch/aten/src/ATen/native/cuda/Loss.cu:102: operator(): block: [6,0,0], thread: [57,0,0] Assertion `input_val >= zero && input_val <= one` failed.
/pytorch/aten/src/ATen/native/cuda/Loss.cu:102: operator(): block: [6,0,0], thread: [58,0,0] Assertion `input_val >= zero && input_val <= one` failed.
/pytorch/aten/src/ATen/native/cuda/Loss.cu:102: operator(): block: [6,0,0], thread: [59,0,0] Assertion `input_val >= zero && input_val <= one` failed.
/pytorch/aten/src/ATen/native/cuda/Loss.cu:102: operator(): block: [6,0,0], thread: [60,0,0] Assertion `input_val >= zero && input_val <= one` failed.
/pytorch/aten/src/ATen/native/cuda/Loss.cu:102: operator(): block: [6,0,0], thread: [61,0,0] Assertion `input_val >= zero && input_val <= one` failed.
/pytorch/aten/src/ATen/native/cuda/Loss.cu:102: operator(): block: [6,0,0], thread: [62,0,0] Assertion `input_val >= zero && input_val <= one` failed.
/pytorch/aten/src/ATen/native/cuda/Loss.cu:102: operator(): block: [6,0,0], thread: [63,0,0] Assertion `input_val >= zero && input_val <= one` failed.
/pytorch/aten/src/ATen/native/cuda/Loss.cu:102: operator(): block: [6,0,0], thread: [0,0,0] Assertion `input_val >= zero && input_val <= one` failed.
/pytorch/aten/src/ATen/native/cuda/Loss.cu:102: operator(): block: [6,0,0], thread: [1,0,0] Assertion `input_val >= zero && input_val <= one` failed.
/pytorch/aten/src/ATen/native/cuda/Loss.cu:102: operator(): block: [6,0,0], thread: [2,0,0] Assertion `input_val >= zero && input_val <= one` failed.
/pytorch/aten/src/ATen/native/cuda/Loss.cu:102: operator(): block: [6,0,0], thread: [3,0,0] Assertion `input_val >= zero && input_val <= one` failed.
/pytorch/aten/src/ATen/native/cuda/Loss.cu:102: operator(): block: [6,0,0], thread: [4,0,0] Assertion `input_val >= zero && input_val <= one` failed.
/pytorch/aten/src/ATen/native/cuda/Loss.cu:102: operator(): block: [6,0,0], thread: [5,0,0] Assertion `input_val >= zero && input_val <= one` failed.
/pytorch/aten/src/ATen/native/cuda/Loss.cu:102: operator(): block: [6,0,0], thread: [6,0,0] Assertion `input_val >= zero && input_val <= one` failed.
/pytorch/aten/src/ATen/native/cuda/Loss.cu:102: operator(): block: [6,0,0], thread: [7,0,0] Assertion `input_val >= zero && input_val <= one` failed.
/pytorch/aten/src/ATen/native/cuda/Loss.cu:102: operator(): block: [6,0,0], thread: [8,0,0] Assertion `input_val >= zero && input_val <= one` failed.
/pytorch/aten/src/ATen/native/cuda/Loss.cu:102: operator(): block: [6,0,0], thread: [9,0,0] Assertion `input_val >= zero && input_val <= one` failed.
/pytorch/aten/src/ATen/native/cuda/Loss.cu:102: operator(): block: [6,0,0], thread: [10,0,0] Assertion `input_val >= zero && input_val <= one` failed.
/pytorch/aten/src/ATen/native/cuda/Loss.cu:102: operator(): block: [6,0,0], thread: [11,0,0] Assertion `input_val >= zero && input_val <= one` failed.
/pytorch/aten/src/ATen/native/cuda/Loss.cu:102: operator(): block: [6,0,0], thread: [12,0,0] Assertion `input_val >= zero && input_val <= one` failed.
/pytorch/aten/src/ATen/native/cuda/Loss.cu:102: operator(): block: [6,0,0], thread: [13,0,0] Assertion `input_val >= zero && input_val <= one` failed.
/pytorch/aten/src/ATen/native/cuda/Loss.cu:102: operator(): block: [6,0,0], thread: [14,0,0] Assertion `input_val >= zero && input_val <= one` failed.
/pytorch/aten/src/ATen/native/cuda/Loss.cu:102: operator(): block: [6,0,0], thread: [15,0,0] Assertion `input_val >= zero && input_val <= one` failed.
/pytorch/aten/src/ATen/native/cuda/Loss.cu:102: operator(): block: [6,0,0], thread: [16,0,0] Assertion `input_val >= zero && input_val <= one` failed.
/pytorch/aten/src/ATen/native/cuda/Loss.cu:102: operator(): block: [6,0,0], thread: [17,0,0] Assertion `input_val >= zero && input_val <= one` failed.
/pytorch/aten/src/ATen/native/cuda/Loss.cu:102: operator(): block: [6,0,0], thread: [18,0,0] Assertion `input_val >= zero && input_val <= one` failed.
/pytorch/aten/src/ATen/native/cuda/Loss.cu:102: operator(): block: [6,0,0], thread: [19,0,0] Assertion `input_val >= zero && input_val <= one` failed.
/pytorch/aten/src/ATen/native/cuda/Loss.cu:102: operator(): block: [6,0,0], thread: [20,0,0] Assertion `input_val >= zero && input_val <= one` failed.
/pytorch/aten/src/ATen/native/cuda/Loss.cu:102: operator(): block: [6,0,0], thread: [21,0,0] Assertion `input_val >= zero && input_val <= one` failed.
/pytorch/aten/src/ATen/native/cuda/Loss.cu:102: operator(): block: [6,0,0], thread: [22,0,0] Assertion `input_val >= zero && input_val <= one` failed.
/pytorch/aten/src/ATen/native/cuda/Loss.cu:102: operator(): block: [6,0,0], thread: [23,0,0] Assertion `input_val >= zero && input_val <= one` failed.
/pytorch/aten/src/ATen/native/cuda/Loss.cu:102: operator(): block: [6,0,0], thread: [24,0,0] Assertion `input_val >= zero && input_val <= one` failed.
/pytorch/aten/src/ATen/native/cuda/Loss.cu:102: operator(): block: [6,0,0], thread: [25,0,0] Assertion `input_val >= zero && input_val <= one` failed.
/pytorch/aten/src/ATen/native/cuda/Loss.cu:102: operator(): block: [6,0,0], thread: [26,0,0] Assertion `input_val >= zero && input_val <= one` failed.
/pytorch/aten/src/ATen/native/cuda/Loss.cu:102: operator(): block: [6,0,0], thread: [27,0,0] Assertion `input_val >= zero && input_val <= one` failed.
/pytorch/aten/src/ATen/native/cuda/Loss.cu:102: operator(): block: [6,0,0], thread: [28,0,0] Assertion `input_val >= zero && input_val <= one` failed.
/pytorch/aten/src/ATen/native/cuda/Loss.cu:102: operator(): block: [6,0,0], thread: [29,0,0] Assertion `input_val >= zero && input_val <= one` failed.
/pytorch/aten/src/ATen/native/cuda/Loss.cu:102: operator(): block: [6,0,0], thread: [30,0,0] Assertion `input_val >= zero && input_val <= one` failed.
/pytorch/aten/src/ATen/native/cuda/Loss.cu:102: operator(): block: [6,0,0], thread: [31,0,0] Assertion `input_val >= zero && input_val <= one` failed.
/pytorch/aten/src/ATen/native/cuda/Loss.cu:102: operator(): block: [0,0,0], thread: [0,0,0] Assertion `input_val >= zero && input_val <= one` failed.
/pytorch/aten/src/ATen/native/cuda/Loss.cu:102: operator(): block: [0,0,0], thread: [1,0,0] Assertion `input_val >= zero && input_val <= one` failed.
/pytorch/aten/src/ATen/native/cuda/Loss.cu:102: operator(): block: [0,0,0], thread: [2,0,0] Assertion `input_val >= zero && input_val <= one` failed.
/pytorch/aten/src/ATen/native/cuda/Loss.cu:102: operator(): block: [0,0,0], thread: [3,0,0] Assertion `input_val >= zero && input_val <= one` failed.
/pytorch/aten/src/ATen/native/cuda/Loss.cu:102: operator(): block: [0,0,0], thread: [4,0,0] Assertion `input_val >= zero && input_val <= one` failed.
/pytorch/aten/src/ATen/native/cuda/Loss.cu:102: operator(): block: [0,0,0], thread: [5,0,0] Assertion `input_val >= zero && input_val <= one` failed.
/pytorch/aten/src/ATen/native/cuda/Loss.cu:102: operator(): block: [0,0,0], thread: [6,0,0] Assertion `input_val >= zero && input_val <= one` failed.
/pytorch/aten/src/ATen/native/cuda/Loss.cu:102: operator(): block: [0,0,0], thread: [7,0,0] Assertion `input_val >= zero && input_val <= one` failed.
/pytorch/aten/src/ATen/native/cuda/Loss.cu:102: operator(): block: [0,0,0], thread: [8,0,0] Assertion `input_val >= zero && input_val <= one` failed.
/pytorch/aten/src/ATen/native/cuda/Loss.cu:102: operator(): block: [0,0,0], thread: [9,0,0] Assertion `input_val >= zero && input_val <= one` failed.
/pytorch/aten/src/ATen/native/cuda/Loss.cu:102: operator(): block: [0,0,0], thread: [10,0,0] Assertion `input_val >= zero && input_val <= one` failed.
/pytorch/aten/src/ATen/native/cuda/Loss.cu:102: operator(): block: [0,0,0], thread: [11,0,0] Assertion `input_val >= zero && input_val <= one` failed.
/pytorch/aten/src/ATen/native/cuda/Loss.cu:102: operator(): block: [0,0,0], thread: [12,0,0] Assertion `input_val >= zero && input_val <= one` failed.
/pytorch/aten/src/ATen/native/cuda/Loss.cu:102: operator(): block: [0,0,0], thread: [13,0,0] Assertion `input_val >= zero && input_val <= one` failed.
/pytorch/aten/src/ATen/native/cuda/Loss.cu:102: operator(): block: [0,0,0], thread: [14,0,0] Assertion `input_val >= zero && input_val <= one` failed.
/pytorch/aten/src/ATen/native/cuda/Loss.cu:102: operator(): block: [0,0,0], thread: [15,0,0] Assertion `input_val >= zero && input_val <= one` failed.
/pytorch/aten/src/ATen/native/cuda/Loss.cu:102: operator(): block: [0,0,0], thread: [16,0,0] Assertion `input_val >= zero && input_val <= one` failed.
/pytorch/aten/src/ATen/native/cuda/Loss.cu:102: operator(): block: [0,0,0], thread: [17,0,0] Assertion `input_val >= zero && input_val <= one` failed.
/pytorch/aten/src/ATen/native/cuda/Loss.cu:102: operator(): block: [0,0,0], thread: [18,0,0] Assertion `input_val >= zero && input_val <= one` failed.
/pytorch/aten/src/ATen/native/cuda/Loss.cu:102: operator(): block: [0,0,0], thread: [19,0,0] Assertion `input_val >= zero && input_val <= one` failed.
/pytorch/aten/src/ATen/native/cuda/Loss.cu:102: operator(): block: [0,0,0], thread: [20,0,0] Assertion `input_val >= zero && input_val <= one` failed.
/pytorch/aten/src/ATen/native/cuda/Loss.cu:102: operator(): block: [0,0,0], thread: [21,0,0] Assertion `input_val >= zero && input_val <= one` failed.
/pytorch/aten/src/ATen/native/cuda/Loss.cu:102: operator(): block: [0,0,0], thread: [22,0,0] Assertion `input_val >= zero && input_val <= one` failed.
/pytorch/aten/src/ATen/native/cuda/Loss.cu:102: operator(): block: [0,0,0], thread: [23,0,0] Assertion `input_val >= zero && input_val <= one` failed.
/pytorch/aten/src/ATen/native/cuda/Loss.cu:102: operator(): block: [0,0,0], thread: [24,0,0] Assertion `input_val >= zero && input_val <= one` failed.
/pytorch/aten/src/ATen/native/cuda/Loss.cu:102: operator(): block: [0,0,0], thread: [25,0,0] Assertion `input_val >= zero && input_val <= one` failed.
/pytorch/aten/src/ATen/native/cuda/Loss.cu:102: operator(): block: [0,0,0], thread: [26,0,0] Assertion `input_val >= zero && input_val <= one` failed.
/pytorch/aten/src/ATen/native/cuda/Loss.cu:102: operator(): block: [0,0,0], thread: [27,0,0] Assertion `input_val >= zero && input_val <= one` failed.
/pytorch/aten/src/ATen/native/cuda/Loss.cu:102: operator(): block: [0,0,0], thread: [28,0,0] Assertion `input_val >= zero && input_val <= one` failed.
/pytorch/aten/src/ATen/native/cuda/Loss.cu:102: operator(): block: [0,0,0], thread: [29,0,0] Assertion `input_val >= zero && input_val <= one` failed.
/pytorch/aten/src/ATen/native/cuda/Loss.cu:102: operator(): block: [0,0,0], thread: [30,0,0] Assertion `input_val >= zero && input_val <= one` failed.
/pytorch/aten/src/ATen/native/cuda/Loss.cu:102: operator(): block: [0,0,0], thread: [31,0,0] Assertion `input_val >= zero && input_val <= one` failed.
/pytorch/aten/src/ATen/native/cuda/Loss.cu:102: operator(): block: [0,0,0], thread: [32,0,0] Assertion `input_val >= zero && input_val <= one` failed.
/pytorch/aten/src/ATen/native/cuda/Loss.cu:102: operator(): block: [0,0,0], thread: [33,0,0] Assertion `input_val >= zero && input_val <= one` failed.
/pytorch/aten/src/ATen/native/cuda/Loss.cu:102: operator(): block: [0,0,0], thread: [34,0,0] Assertion `input_val >= zero && input_val <= one` failed.
/pytorch/aten/src/ATen/native/cuda/Loss.cu:102: operator(): block: [0,0,0], thread: [35,0,0] Assertion `input_val >= zero && input_val <= one` failed.
/pytorch/aten/src/ATen/native/cuda/Loss.cu:102: operator(): block: [0,0,0], thread: [36,0,0] Assertion `input_val >= zero && input_val <= one` failed.
/pytorch/aten/src/ATen/native/cuda/Loss.cu:102: operator(): block: [0,0,0], thread: [37,0,0] Assertion `input_val >= zero && input_val <= one` failed.
/pytorch/aten/src/ATen/native/cuda/Loss.cu:102: operator(): block: [0,0,0], thread: [38,0,0] Assertion `input_val >= zero && input_val <= one` failed.
/pytorch/aten/src/ATen/native/cuda/Loss.cu:102: operator(): block: [0,0,0], thread: [39,0,0] Assertion `input_val >= zero && input_val <= one` failed.
/pytorch/aten/src/ATen/native/cuda/Loss.cu:102: operator(): block: [0,0,0], thread: [40,0,0] Assertion `input_val >= zero && input_val <= one` failed.
/pytorch/aten/src/ATen/native/cuda/Loss.cu:102: operator(): block: [0,0,0], thread: [41,0,0] Assertion `input_val >= zero && input_val <= one` failed.
/pytorch/aten/src/ATen/native/cuda/Loss.cu:102: operator(): block: [0,0,0], thread: [42,0,0] Assertion `input_val >= zero && input_val <= one` failed.
/pytorch/aten/src/ATen/native/cuda/Loss.cu:102: operator(): block: [0,0,0], thread: [43,0,0] Assertion `input_val >= zero && input_val <= one` failed.
/pytorch/aten/src/ATen/native/cuda/Loss.cu:102: operator(): block: [0,0,0], thread: [44,0,0] Assertion `input_val >= zero && input_val <= one` failed.
/pytorch/aten/src/ATen/native/cuda/Loss.cu:102: operator(): block: [0,0,0], thread: [45,0,0] Assertion `input_val >= zero && input_val <= one` failed.
/pytorch/aten/src/ATen/native/cuda/Loss.cu:102: operator(): block: [0,0,0], thread: [46,0,0] Assertion `input_val >= zero && input_val <= one` failed.
/pytorch/aten/src/ATen/native/cuda/Loss.cu:102: operator(): block: [0,0,0], thread: [47,0,0] Assertion `input_val >= zero && input_val <= one` failed.
/pytorch/aten/src/ATen/native/cuda/Loss.cu:102: operator(): block: [0,0,0], thread: [48,0,0] Assertion `input_val >= zero && input_val <= one` failed.
/pytorch/aten/src/ATen/native/cuda/Loss.cu:102: operator(): block: [0,0,0], thread: [49,0,0] Assertion `input_val >= zero && input_val <= one` failed.
/pytorch/aten/src/ATen/native/cuda/Loss.cu:102: operator(): block: [0,0,0], thread: [50,0,0] Assertion `input_val >= zero && input_val <= one` failed.
/pytorch/aten/src/ATen/native/cuda/Loss.cu:102: operator(): block: [0,0,0], thread: [51,0,0] Assertion `input_val >= zero && input_val <= one` failed.
/pytorch/aten/src/ATen/native/cuda/Loss.cu:102: operator(): block: [0,0,0], thread: [52,0,0] Assertion `input_val >= zero && input_val <= one` failed.
/pytorch/aten/src/ATen/native/cuda/Loss.cu:102: operator(): block: [0,0,0], thread: [53,0,0] Assertion `input_val >= zero && input_val <= one` failed.
/pytorch/aten/src/ATen/native/cuda/Loss.cu:102: operator(): block: [0,0,0], thread: [54,0,0] Assertion `input_val >= zero && input_val <= one` failed.
/pytorch/aten/src/ATen/native/cuda/Loss.cu:102: operator(): block: [0,0,0], thread: [55,0,0] Assertion `input_val >= zero && input_val <= one` failed.
/pytorch/aten/src/ATen/native/cuda/Loss.cu:102: operator(): block: [0,0,0], thread: [56,0,0] Assertion `input_val >= zero && input_val <= one` failed.
/pytorch/aten/src/ATen/native/cuda/Loss.cu:102: operator(): block: [0,0,0], thread: [57,0,0] Assertion `input_val >= zero && input_val <= one` failed.
/pytorch/aten/src/ATen/native/cuda/Loss.cu:102: operator(): block: [0,0,0], thread: [58,0,0] Assertion `input_val >= zero && input_val <= one` failed.
/pytorch/aten/src/ATen/native/cuda/Loss.cu:102: operator(): block: [0,0,0], thread: [59,0,0] Assertion `input_val >= zero && input_val <= one` failed.
/pytorch/aten/src/ATen/native/cuda/Loss.cu:102: operator(): block: [0,0,0], thread: [60,0,0] Assertion `input_val >= zero && input_val <= one` failed.
/pytorch/aten/src/ATen/native/cuda/Loss.cu:102: operator(): block: [0,0,0], thread: [61,0,0] Assertion `input_val >= zero && input_val <= one` failed.
/pytorch/aten/src/ATen/native/cuda/Loss.cu:102: operator(): block: [0,0,0], thread: [62,0,0] Assertion `input_val >= zero && input_val <= one` failed.
/pytorch/aten/src/ATen/native/cuda/Loss.cu:102: operator(): block: [0,0,0], thread: [63,0,0] Assertion `input_val >= zero && input_val <= one` failed.
/pytorch/aten/src/ATen/native/cuda/Loss.cu:102: operator(): block: [2,0,0], thread: [0,0,0] Assertion `input_val >= zero && input_val <= one` failed.
/pytorch/aten/src/ATen/native/cuda/Loss.cu:102: operator(): block: [2,0,0], thread: [1,0,0] Assertion `input_val >= zero && input_val <= one` failed.
/pytorch/aten/src/ATen/native/cuda/Loss.cu:102: operator(): block: [2,0,0], thread: [2,0,0] Assertion `input_val >= zero && input_val <= one` failed.
/pytorch/aten/src/ATen/native/cuda/Loss.cu:102: operator(): block: [2,0,0], thread: [3,0,0] Assertion `input_val >= zero && input_val <= one` failed.
/pytorch/aten/src/ATen/native/cuda/Loss.cu:102: operator(): block: [2,0,0], thread: [4,0,0] Assertion `input_val >= zero && input_val <= one` failed.
/pytorch/aten/src/ATen/native/cuda/Loss.cu:102: operator(): block: [2,0,0], thread: [5,0,0] Assertion `input_val >= zero && input_val <= one` failed.
/pytorch/aten/src/ATen/native/cuda/Loss.cu:102: operator(): block: [2,0,0], thread: [6,0,0] Assertion `input_val >= zero && input_val <= one` failed.
/pytorch/aten/src/ATen/native/cuda/Loss.cu:102: operator(): block: [2,0,0], thread: [7,0,0] Assertion `input_val >= zero && input_val <= one` failed.
/pytorch/aten/src/ATen/native/cuda/Loss.cu:102: operator(): block: [2,0,0], thread: [8,0,0] Assertion `input_val >= zero && input_val <= one` failed.
/pytorch/aten/src/ATen/native/cuda/Loss.cu:102: operator(): block: [2,0,0], thread: [9,0,0] Assertion `input_val >= zero && input_val <= one` failed.
/pytorch/aten/src/ATen/native/cuda/Loss.cu:102: operator(): block: [2,0,0], thread: [10,0,0] Assertion `input_val >= zero && input_val <= one` failed.
/pytorch/aten/src/ATen/native/cuda/Loss.cu:102: operator(): block: [2,0,0], thread: [11,0,0] Assertion `input_val >= zero && input_val <= one` failed.
/pytorch/aten/src/ATen/native/cuda/Loss.cu:102: operator(): block: [2,0,0], thread: [12,0,0] Assertion `input_val >= zero && input_val <= one` failed.
/pytorch/aten/src/ATen/native/cuda/Loss.cu:102: operator(): block: [2,0,0], thread: [13,0,0] Assertion `input_val >= zero && input_val <= one` failed.
/pytorch/aten/src/ATen/native/cuda/Loss.cu:102: operator(): block: [2,0,0], thread: [14,0,0] Assertion `input_val >= zero && input_val <= one` failed.
/pytorch/aten/src/ATen/native/cuda/Loss.cu:102: operator(): block: [2,0,0], thread: [15,0,0] Assertion `input_val >= zero && input_val <= one` failed.
/pytorch/aten/src/ATen/native/cuda/Loss.cu:102: operator(): block: [2,0,0], thread: [16,0,0] Assertion `input_val >= zero && input_val <= one` failed.
/pytorch/aten/src/ATen/native/cuda/Loss.cu:102: operator(): block: [2,0,0], thread: [17,0,0] Assertion `input_val >= zero && input_val <= one` failed.
/pytorch/aten/src/ATen/native/cuda/Loss.cu:102: operator(): block: [2,0,0], thread: [18,0,0] Assertion `input_val >= zero && input_val <= one` failed.
/pytorch/aten/src/ATen/native/cuda/Loss.cu:102: operator(): block: [2,0,0], thread: [19,0,0] Assertion `input_val >= zero && input_val <= one` failed.
/pytorch/aten/src/ATen/native/cuda/Loss.cu:102: operator(): block: [2,0,0], thread: [20,0,0] Assertion `input_val >= zero && input_val <= one` failed.
/pytorch/aten/src/ATen/native/cuda/Loss.cu:102: operator(): block: [2,0,0], thread: [21,0,0] Assertion `input_val >= zero && input_val <= one` failed.
/pytorch/aten/src/ATen/native/cuda/Loss.cu:102: operator(): block: [2,0,0], thread: [22,0,0] Assertion `input_val >= zero && input_val <= one` failed.
/pytorch/aten/src/ATen/native/cuda/Loss.cu:102: operator(): block: [2,0,0], thread: [23,0,0] Assertion `input_val >= zero && input_val <= one` failed.
/pytorch/aten/src/ATen/native/cuda/Loss.cu:102: operator(): block: [2,0,0], thread: [24,0,0] Assertion `input_val >= zero && input_val <= one` failed.
/pytorch/aten/src/ATen/native/cuda/Loss.cu:102: operator(): block: [2,0,0], thread: [25,0,0] Assertion `input_val >= zero && input_val <= one` failed.
/pytorch/aten/src/ATen/native/cuda/Loss.cu:102: operator(): block: [2,0,0], thread: [26,0,0] Assertion `input_val >= zero && input_val <= one` failed.
/pytorch/aten/src/ATen/native/cuda/Loss.cu:102: operator(): block: [2,0,0], thread: [27,0,0] Assertion `input_val >= zero && input_val <= one` failed.
/pytorch/aten/src/ATen/native/cuda/Loss.cu:102: operator(): block: [2,0,0], thread: [28,0,0] Assertion `input_val >= zero && input_val <= one` failed.
/pytorch/aten/src/ATen/native/cuda/Loss.cu:102: operator(): block: [2,0,0], thread: [29,0,0] Assertion `input_val >= zero && input_val <= one` failed.
/pytorch/aten/src/ATen/native/cuda/Loss.cu:102: operator(): block: [2,0,0], thread: [30,0,0] Assertion `input_val >= zero && input_val <= one` failed.
/pytorch/aten/src/ATen/native/cuda/Loss.cu:102: operator(): block: [2,0,0], thread: [31,0,0] Assertion `input_val >= zero && input_val <= one` failed.
/pytorch/aten/src/ATen/native/cuda/Loss.cu:102: operator(): block: [2,0,0], thread: [32,0,0] Assertion `input_val >= zero && input_val <= one` failed.
/pytorch/aten/src/ATen/native/cuda/Loss.cu:102: operator(): block: [2,0,0], thread: [33,0,0] Assertion `input_val >= zero && input_val <= one` failed.
/pytorch/aten/src/ATen/native/cuda/Loss.cu:102: operator(): block: [2,0,0], thread: [34,0,0] Assertion `input_val >= zero && input_val <= one` failed.
/pytorch/aten/src/ATen/native/cuda/Loss.cu:102: operator(): block: [2,0,0], thread: [35,0,0] Assertion `input_val >= zero && input_val <= one` failed.
/pytorch/aten/src/ATen/native/cuda/Loss.cu:102: operator(): block: [2,0,0], thread: [36,0,0] Assertion `input_val >= zero && input_val <= one` failed.
/pytorch/aten/src/ATen/native/cuda/Loss.cu:102: operator(): block: [2,0,0], thread: [37,0,0] Assertion `input_val >= zero && input_val <= one` failed.
/pytorch/aten/src/ATen/native/cuda/Loss.cu:102: operator(): block: [2,0,0], thread: [38,0,0] Assertion `input_val >= zero && input_val <= one` failed.
/pytorch/aten/src/ATen/native/cuda/Loss.cu:102: operator(): block: [2,0,0], thread: [39,0,0] Assertion `input_val >= zero && input_val <= one` failed.
/pytorch/aten/src/ATen/native/cuda/Loss.cu:102: operator(): block: [2,0,0], thread: [40,0,0] Assertion `input_val >= zero && input_val <= one` failed.
/pytorch/aten/src/ATen/native/cuda/Loss.cu:102: operator(): block: [2,0,0], thread: [41,0,0] Assertion `input_val >= zero && input_val <= one` failed.
/pytorch/aten/src/ATen/native/cuda/Loss.cu:102: operator(): block: [2,0,0], thread: [42,0,0] Assertion `input_val >= zero && input_val <= one` failed.
/pytorch/aten/src/ATen/native/cuda/Loss.cu:102: operator(): block: [2,0,0], thread: [43,0,0] Assertion `input_val >= zero && input_val <= one` failed.
/pytorch/aten/src/ATen/native/cuda/Loss.cu:102: operator(): block: [2,0,0], thread: [44,0,0] Assertion `input_val >= zero && input_val <= one` failed.
/pytorch/aten/src/ATen/native/cuda/Loss.cu:102: operator(): block: [2,0,0], thread: [45,0,0] Assertion `input_val >= zero && input_val <= one` failed.
/pytorch/aten/src/ATen/native/cuda/Loss.cu:102: operator(): block: [2,0,0], thread: [46,0,0] Assertion `input_val >= zero && input_val <= one` failed.
/pytorch/aten/src/ATen/native/cuda/Loss.cu:102: operator(): block: [2,0,0], thread: [47,0,0] Assertion `input_val >= zero && input_val <= one` failed.
/pytorch/aten/src/ATen/native/cuda/Loss.cu:102: operator(): block: [2,0,0], thread: [48,0,0] Assertion `input_val >= zero && input_val <= one` failed.
/pytorch/aten/src/ATen/native/cuda/Loss.cu:102: operator(): block: [2,0,0], thread: [49,0,0] Assertion `input_val >= zero && input_val <= one` failed.
/pytorch/aten/src/ATen/native/cuda/Loss.cu:102: operator(): block: [2,0,0], thread: [50,0,0] Assertion `input_val >= zero && input_val <= one` failed.
/pytorch/aten/src/ATen/native/cuda/Loss.cu:102: operator(): block: [2,0,0], thread: [51,0,0] Assertion `input_val >= zero && input_val <= one` failed.
/pytorch/aten/src/ATen/native/cuda/Loss.cu:102: operator(): block: [2,0,0], thread: [52,0,0] Assertion `input_val >= zero && input_val <= one` failed.
/pytorch/aten/src/ATen/native/cuda/Loss.cu:102: operator(): block: [2,0,0], thread: [53,0,0] Assertion `input_val >= zero && input_val <= one` failed.
/pytorch/aten/src/ATen/native/cuda/Loss.cu:102: operator(): block: [2,0,0], thread: [54,0,0] Assertion `input_val >= zero && input_val <= one` failed.
/pytorch/aten/src/ATen/native/cuda/Loss.cu:102: operator(): block: [2,0,0], thread: [55,0,0] Assertion `input_val >= zero && input_val <= one` failed.
/pytorch/aten/src/ATen/native/cuda/Loss.cu:102: operator(): block: [2,0,0], thread: [56,0,0] Assertion `input_val >= zero && input_val <= one` failed.
/pytorch/aten/src/ATen/native/cuda/Loss.cu:102: operator(): block: [2,0,0], thread: [57,0,0] Assertion `input_val >= zero && input_val <= one` failed.
/pytorch/aten/src/ATen/native/cuda/Loss.cu:102: operator(): block: [2,0,0], thread: [58,0,0] Assertion `input_val >= zero && input_val <= one` failed.
/pytorch/aten/src/ATen/native/cuda/Loss.cu:102: operator(): block: [2,0,0], thread: [59,0,0] Assertion `input_val >= zero && input_val <= one` failed.
/pytorch/aten/src/ATen/native/cuda/Loss.cu:102: operator(): block: [2,0,0], thread: [60,0,0] Assertion `input_val >= zero && input_val <= one` failed.
/pytorch/aten/src/ATen/native/cuda/Loss.cu:102: operator(): block: [2,0,0], thread: [61,0,0] Assertion `input_val >= zero && input_val <= one` failed.
/pytorch/aten/src/ATen/native/cuda/Loss.cu:102: operator(): block: [2,0,0], thread: [62,0,0] Assertion `input_val >= zero && input_val <= one` failed.
/pytorch/aten/src/ATen/native/cuda/Loss.cu:102: operator(): block: [2,0,0], thread: [63,0,0] Assertion `input_val >= zero && input_val <= one` failed.
0:: 2048 episode score is 0.70
0:: 2048 episode similarity score is nan
Expert: 100.00% | Learner: 0.00%
1:: 4096 episode score is 0.69
1:: 4096 episode similarity score is nan
Expert: 100.00% | Learner: 100.00%
2:: 6144 episode score is 0.28
2:: 6144 episode similarity score is nan
Expert: 100.00% | Learner: 100.00%
3:: 8192 episode score is 0.01
3:: 8192 episode similarity score is nan
Expert: 100.00% | Learner: 100.00%
4:: 10240 episode score is 0.00
4:: 10240 episode similarity score is nan
Expert: 100.00% | Learner: 100.00%
5:: 12288 episode score is 0.00
5:: 12288 episode similarity score is nan
Expert: 100.00% | Learner: 100.00%
6:: 14336 episode score is 0.00
6:: 14336 episode similarity score is nan
Expert: 100.00% | Learner: 100.00%
7:: 16384 episode score is 0.00
7:: 16384 episode similarity score is nan
Expert: 100.00% | Learner: 100.00%
8:: 18432 episode score is 0.00
8:: 18432 episode similarity score is nan
Expert: 100.00% | Learner: 100.00%
9:: 20480 episode score is 0.00
9:: 20480 episode similarity score is nan
Expert: 100.00% | Learner: 100.00%
10:: 22528 episode score is 0.00
10:: 22528 episode similarity score is nan
Expert: 100.00% | Learner: 100.00%
11:: 24576 episode score is 0.00
11:: 24576 episode similarity score is nan
Expert: 100.00% | Learner: 100.00%
12:: 26624 episode score is 0.00
12:: 26624 episode similarity score is nan
Expert: 100.00% | Learner: 100.00%
13:: 28672 episode score is 0.00
13:: 28672 episode similarity score is nan
Expert: 100.00% | Learner: 100.00%
14:: 30720 episode score is 0.00
14:: 30720 episode similarity score is nan
Expert: 100.00% | Learner: 100.00%
15:: 32768 episode score is 0.00
15:: 32768 episode similarity score is nan
Expert: 100.00% | Learner: 100.00%
16:: 34816 episode score is 0.00
16:: 34816 episode similarity score is nan
Expert: 100.00% | Learner: 100.00%
17:: 36864 episode score is 0.00
17:: 36864 episode similarity score is nan
Expert: 100.00% | Learner: 100.00%
18:: 38912 episode score is 0.00
18:: 38912 episode similarity score is nan
Expert: 100.00% | Learner: 100.00%
19:: 40960 episode score is 0.00
19:: 40960 episode similarity score is nan
Expert: 100.00% | Learner: 100.00%
20:: 43008 episode score is 0.00
20:: 43008 episode similarity score is nan
Expert: 100.00% | Learner: 100.00%
21:: 45056 episode score is 0.00
21:: 45056 episode similarity score is nan
Expert: 100.00% | Learner: 100.00%
22:: 47104 episode score is 0.00
22:: 47104 episode similarity score is nan
Expert: 100.00% | Learner: 100.00%
23:: 49152 episode score is 0.00
23:: 49152 episode similarity score is nan
Expert: 100.00% | Learner: 100.00%
24:: 51200 episode score is 0.00
24:: 51200 episode similarity score is nan
Expert: 100.00% | Learner: 100.00%
25:: 53248 episode score is 0.00
25:: 53248 episode similarity score is nan
Expert: 100.00% | Learner: 100.00%
26:: 55296 episode score is 0.00
26:: 55296 episode similarity score is nan
Expert: 100.00% | Learner: 100.00%
27:: 57344 episode score is 0.00
27:: 57344 episode similarity score is nan
Expert: 100.00% | Learner: 100.00%
28:: 59392 episode score is 0.00
28:: 59392 episode similarity score is nan
Expert: 100.00% | Learner: 100.00%
29:: 61440 episode score is 0.00
29:: 61440 episode similarity score is nan
Expert: 100.00% | Learner: 100.00%
30:: 63488 episode score is 0.00
30:: 63488 episode similarity score is nan
Expert: 100.00% | Learner: 100.00%
31:: 65536 episode score is 0.00
31:: 65536 episode similarity score is nan
Expert: 100.00% | Learner: 100.00%
32:: 67584 episode score is 0.00
32:: 67584 episode similarity score is nan
Expert: 100.00% | Learner: 100.00%
33:: 69632 episode score is 0.00
33:: 69632 episode similarity score is nan
Expert: 100.00% | Learner: 100.00%
34:: 71680 episode score is 0.00
34:: 71680 episode similarity score is nan
Expert: 100.00% | Learner: 100.00%
35:: 73728 episode score is 0.00
35:: 73728 episode similarity score is nan
Expert: 100.00% | Learner: 100.00%
36:: 75776 episode score is 0.00
36:: 75776 episode similarity score is nan
Expert: 100.00% | Learner: 100.00%
37:: 77824 episode score is 0.00
37:: 77824 episode similarity score is nan
Expert: 100.00% | Learner: 100.00%
38:: 79872 episode score is 0.00
38:: 79872 episode similarity score is nan
Expert: 100.00% | Learner: 100.00%
39:: 81920 episode score is 0.00
39:: 81920 episode similarity score is nan
Expert: 100.00% | Learner: 100.00%
40:: 83968 episode score is 0.00
40:: 83968 episode similarity score is nan
Expert: 100.00% | Learner: 100.00%
41:: 86016 episode score is 0.00
41:: 86016 episode similarity score is nan
Expert: 100.00% | Learner: 100.00%
42:: 88064 episode score is 0.00
42:: 88064 episode similarity score is nan
Expert: 100.00% | Learner: 100.00%
43:: 90112 episode score is 0.00
43:: 90112 episode similarity score is nan
Expert: 100.00% | Learner: 100.00%
44:: 92160 episode score is 0.00
44:: 92160 episode similarity score is nan
Expert: 100.00% | Learner: 100.00%
45:: 94208 episode score is 0.00
45:: 94208 episode similarity score is nan
Expert: 100.00% | Learner: 100.00%
46:: 96256 episode score is 0.00
46:: 96256 episode similarity score is nan
Expert: 100.00% | Learner: 100.00%
47:: 98304 episode score is 0.00
47:: 98304 episode similarity score is nan
Expert: 100.00% | Learner: 100.00%
48:: 100352 episode score is 0.00
48:: 100352 episode similarity score is nan
Expert: 100.00% | Learner: 100.00%
49:: 102400 episode score is 0.00
49:: 102400 episode similarity score is nan
Expert: 100.00% | Learner: 100.00%
50:: 104448 episode score is 0.00
50:: 104448 episode similarity score is nan
Expert: 100.00% | Learner: 100.00%
51:: 106496 episode score is 0.00
51:: 106496 episode similarity score is nan
Expert: 100.00% | Learner: 100.00%
52:: 108544 episode score is 0.00
52:: 108544 episode similarity score is nan
Expert: 100.00% | Learner: 100.00%
53:: 110592 episode score is 0.00
53:: 110592 episode similarity score is nan
Expert: 100.00% | Learner: 100.00%
54:: 112640 episode score is 0.00
54:: 112640 episode similarity score is nan
Expert: 100.00% | Learner: 100.00%
55:: 114688 episode score is 0.00
55:: 114688 episode similarity score is nan
Expert: 100.00% | Learner: 100.00%
56:: 116736 episode score is 0.00
56:: 116736 episode similarity score is nan
Expert: 100.00% | Learner: 100.00%
57:: 118784 episode score is 0.00
57:: 118784 episode similarity score is nan
Expert: 100.00% | Learner: 100.00%
58:: 120832 episode score is 0.00
58:: 120832 episode similarity score is nan
Expert: 100.00% | Learner: 100.00%
59:: 122880 episode score is 0.00
59:: 122880 episode similarity score is nan
Expert: 100.00% | Learner: 100.00%
60:: 124928 episode score is 0.02
60:: 124928 episode similarity score is nan
Expert: 100.00% | Learner: 100.00%
61:: 126976 episode score is 0.00
61:: 126976 episode similarity score is nan
Expert: 100.00% | Learner: 100.00%
62:: 129024 episode score is 0.05
62:: 129024 episode similarity score is nan
Expert: 100.00% | Learner: 100.00%
63:: 131072 episode score is 0.00
63:: 131072 episode similarity score is nan
Expert: 100.00% | Learner: 100.00%
64:: 133120 episode score is 0.00
64:: 133120 episode similarity score is nan
Expert: 100.00% | Learner: 100.00%
65:: 135168 episode score is 0.00
65:: 135168 episode similarity score is nan
Expert: 100.00% | Learner: 100.00%
66:: 137216 episode score is 0.00
66:: 137216 episode similarity score is nan
Expert: 100.00% | Learner: 100.00%
67:: 139264 episode score is 0.01
67:: 139264 episode similarity score is nan
Expert: 100.00% | Learner: 100.00%
68:: 141312 episode score is 0.00
68:: 141312 episode similarity score is nan
Expert: 100.00% | Learner: 100.00%
69:: 143360 episode score is 0.00
69:: 143360 episode similarity score is nan
Expert: 100.00% | Learner: 100.00%
70:: 145408 episode score is 0.00
70:: 145408 episode similarity score is nan
Expert: 100.00% | Learner: 100.00%
71:: 147456 episode score is 0.00
71:: 147456 episode similarity score is nan
Expert: 100.00% | Learner: 100.00%
72:: 149504 episode score is 0.00
72:: 149504 episode similarity score is nan
Expert: 100.00% | Learner: 100.00%
73:: 151552 episode score is 0.00
73:: 151552 episode similarity score is nan
Expert: 100.00% | Learner: 100.00%
74:: 153600 episode score is 0.00
74:: 153600 episode similarity score is nan
Expert: 100.00% | Learner: 100.00%
75:: 155648 episode score is 0.00
75:: 155648 episode similarity score is nan
Expert: 100.00% | Learner: 100.00%
76:: 157696 episode score is 0.00
76:: 157696 episode similarity score is nan
Expert: 100.00% | Learner: 100.00%
77:: 159744 episode score is 0.00
77:: 159744 episode similarity score is nan
Expert: 100.00% | Learner: 100.00%
78:: 161792 episode score is 0.00
78:: 161792 episode similarity score is nan
Expert: 100.00% | Learner: 100.00%
79:: 163840 episode score is 0.00
79:: 163840 episode similarity score is nan
Expert: 100.00% | Learner: 100.00%
80:: 165888 episode score is 0.00
80:: 165888 episode similarity score is nan
Expert: 100.00% | Learner: 100.00%
81:: 167936 episode score is 0.00
81:: 167936 episode similarity score is nan
Expert: 100.00% | Learner: 100.00%
82:: 169984 episode score is 0.00
82:: 169984 episode similarity score is nan
Expert: 100.00% | Learner: 100.00%
83:: 172032 episode score is 0.00
83:: 172032 episode similarity score is nan
Expert: 100.00% | Learner: 100.00%
84:: 174080 episode score is 1.44
84:: 174080 episode similarity score is nan
Expert: 100.00% | Learner: 100.00%
85:: 176128 episode score is 0.11
85:: 176128 episode similarity score is nan
Expert: 100.00% | Learner: 100.00%
86:: 178176 episode score is 0.04
86:: 178176 episode similarity score is nan
Expert: 100.00% | Learner: 100.00%
87:: 180224 episode score is 0.00
87:: 180224 episode similarity score is nan
Expert: 100.00% | Learner: 100.00%
88:: 182272 episode score is 0.00
88:: 182272 episode similarity score is nan
Expert: 100.00% | Learner: 100.00%
89:: 184320 episode score is 0.00
89:: 184320 episode similarity score is nan
Expert: 100.00% | Learner: 100.00%
90:: 186368 episode score is 0.00
90:: 186368 episode similarity score is nan
Expert: 100.00% | Learner: 100.00%
91:: 188416 episode score is 0.00
91:: 188416 episode similarity score is nan
Expert: 100.00% | Learner: 100.00%
92:: 190464 episode score is 0.00
92:: 190464 episode similarity score is nan
Expert: 100.00% | Learner: 100.00%
93:: 192512 episode score is 0.00
93:: 192512 episode similarity score is nan
Expert: 100.00% | Learner: 100.00%
94:: 194560 episode score is 0.00
94:: 194560 episode similarity score is nan
Expert: 100.00% | Learner: 100.00%
95:: 196608 episode score is 0.00
95:: 196608 episode similarity score is nan
Expert: 100.00% | Learner: 100.00%
96:: 198656 episode score is 0.00
96:: 198656 episode similarity score is nan
Expert: 100.00% | Learner: 100.00%
97:: 200704 episode score is 0.00
97:: 200704 episode similarity score is nan
Expert: 100.00% | Learner: 100.00%
98:: 202752 episode score is 0.00
98:: 202752 episode similarity score is nan
Expert: 100.00% | Learner: 100.00%
99:: 204800 episode score is 0.00
99:: 204800 episode similarity score is nan
Expert: 100.00% | Learner: 100.00%
100:: 206848 episode score is 0.00
100:: 206848 episode similarity score is nan
Expert: 100.00% | Learner: 100.00%
101:: 208896 episode score is 0.00
101:: 208896 episode similarity score is nan
Expert: 100.00% | Learner: 100.00%
102:: 210944 episode score is 0.00
102:: 210944 episode similarity score is nan
Expert: 100.00% | Learner: 100.00%
103:: 212992 episode score is 0.00
103:: 212992 episode similarity score is nan
Expert: 100.00% | Learner: 100.00%
104:: 215040 episode score is 0.00
104:: 215040 episode similarity score is nan
Expert: 100.00% | Learner: 100.00%
105:: 217088 episode score is 0.00
105:: 217088 episode similarity score is nan
Expert: 100.00% | Learner: 100.00%
106:: 219136 episode score is 0.00
106:: 219136 episode similarity score is nan
Expert: 100.00% | Learner: 100.00%
107:: 221184 episode score is 0.00
107:: 221184 episode similarity score is nan
Expert: 100.00% | Learner: 100.00%
108:: 223232 episode score is nan
108:: 223232 episode similarity score is nan
Traceback (most recent call last):
  File "main.py", line 229, in <module>
    main()
  File "main.py", line 192, in main
    expert_acc, learner_acc = train_discrim(discrim, memory, discrim_optim, args) 
  File "/scratch/nsk367/deepRL/limitation-learning/src/GAIL.py", line 140, in train_discrim
    criterion(expert, torch.zeros((states.shape[0], 1)).to(device))
RuntimeError: CUDA error: device-side assert triggered
